file downloaded.
links extracted.
https://atom.io
https://desktop.github.com
https://developer.github.com/
https://en.wikipedia.org/wiki/Bcrypt
https://github.blog
https://github.blog/
https://github.blog/2020-10-14-even-better-code-review-in-github-for-mobile/
https://github.blog/2020-10-22-introducing-the-npm-public-roadmap-and-a-new-feedback-process/
https://github.blog/2020-10-27-code-scanning-a-github-repository-using-github-advanced-security-within-an-azure-devops-pipeline/
https://github.blog/author/alwellkevin/
https://github.blog/author/mylesborins/
https://github.blog/author/rnystrom/
https://github.blog/category/community/
https://github.blog/category/community/education/
https://github.blog/category/community/events/
https://github.blog/category/community/insights/
https://github.blog/category/community/open-source/
https://github.blog/category/company/
https://github.blog/category/engineering/
https://github.blog/category/enterprise/
https://github.blog/category/product/
https://github.blog/category/product/client-apps/
https://github.blog/category/product/features/
https://github.blog/category/product/security/
https://github.com/
https://github.com/about
https://github.com/about/careers
https://github.com/about/press
https://github.com/customer-stories
https://github.com/enterprise
https://github.com/features
https://github.com/github
https://github.com/pricing
https://github.com/security
https://github.com/settings/applications
https://github.com/settings/tokens
https://github.com/site/privacy
https://github.com/site/terms
https://github.community
https://haveibeenpwned.com/
https://haveibeenpwned.com/NotifyMe
https://help.github.com
https://help.github.com/articles/configuring-two-factor-authentication-recovery-methods
https://help.github.com/articles/configuring-two-factor-authentication/
https://help.github.com/articles/creating-a-strong-password/
https://help.github.com/articles/recovering-your-account-if-you-lose-your-2fa-credentials/
https://help.github.com/articles/reviewing-your-deploy-keys
https://help.github.com/articles/reviewing-your-ssh-keys
https://resources.github.com
https://services.github.com
https://shop.github.com
https://status.github.com
https://twitter.com/github
https://twitter.com/share
https://www.facebook.com/GitHub
https://www.facebook.com/sharer/sharer.php
https://www.linkedin.com/company/github
https://www.linkedin.com/shareArticle
https://www.troyhunt.com/
