file downloaded.
links extracted.
https://atom.io
https://desktop.github.com/
https://developer.github.com/
https://github.blog/
https://github.blog/2020-09-17-github-cli-1-0-is-now-available/
https://github.com/about
https://github.com/about/careers
https://github.com/about/press
https://github.com/cli/cli
https://github.com/cli/cli/blob/trunk/docs/install_linux.md
https://github.com/cli/cli/releases/download/v1.2.0/gh_1.2.0_macOS_amd64.tar.gz
https://github.com/cli/cli/releases/download/v1.2.0/gh_1.2.0_windows_amd64.msi
https://github.com/cli/cli/releases/latest
https://github.com/contact
https://github.com/customer-stories
https://github.com/enterprise
https://github.com/features
https://github.com/pricing
https://github.com/security
https://github.community
https://githubstatus.com/
https://help.github.com/en
https://help.github.com/en/articles/github-privacy-statement/
https://lab.github.com/
https://resources.github.com
https://services.github.com
https://shop.github.com
https://twitter.com/github
https://www.facebook.com/GitHub
https://www.linkedin.com/company/github
https://www.youtube.com/github
