file downloaded.
links extracted.
https://atom.io
https://desktop.github.com
https://developer.github.com/
https://github.blog
https://github.blog/
https://github.blog/2019-10-14-how-partners-like-gitkraken-use-github-actions/
https://github.blog/2019-10-29-easier-bug-reporting-using-marker-io-for-github/
https://github.blog/2019-12-16-github-enterprise-now-available-from-the-aws-marketplace/
https://github.blog/2020-07-29-use-github-actions-to-deploy-your-application-to-ibm-cloud-kubernetes-service/
https://github.blog/2020-08-04-github-actions-self-hosted-runners-on-google-cloud/
https://github.blog/2020-08-18-introducing-the-rally-github-integration/
https://github.blog/2020-08-24-automate-releases-and-more-with-the-new-sentry-release-github-action/
https://github.blog/2020-10-05-announcing-third-party-code-scanning-tools-static-analysis-and-developer-security-training/
https://github.blog/2020-10-07-announcing-third-party-code-scanning-tools-infrastructure-as-code-and-container-scanning/
https://github.blog/2020-10-15-pachyderm-and-the-power-of-github-actions-mlops-meets-devops/
https://github.blog/author/imjohnbo/
https://github.blog/author/josepalafox/
https://github.blog/author/kathrynhsu/
https://github.blog/author/mbcampbell/
https://github.blog/author/primetheus/
https://github.blog/author/xhermann/
https://github.blog/category/community/
https://github.blog/category/community/education/
https://github.blog/category/community/events/
https://github.blog/category/community/insights/
https://github.blog/category/community/open-source/
https://github.blog/category/company/
https://github.blog/category/engineering/
https://github.blog/category/enterprise/
https://github.blog/category/enterprise/partners/
https://github.blog/category/enterprise/partners/page/2/
https://github.blog/category/product/
https://github.blog/category/product/client-apps/
https://github.blog/category/product/features/
https://github.blog/category/product/security/
https://github.com/
https://github.com/about
https://github.com/about/careers
https://github.com/about/press
https://github.com/contact
https://github.com/customer-stories
https://github.com/enterprise
https://github.com/features
https://github.com/github
https://github.com/pricing
https://github.com/security
https://github.com/site/privacy
https://github.com/site/terms
https://github.community
https://help.github.com
https://resources.github.com
https://services.github.com
https://shop.github.com
https://status.github.com
https://twitter.com/github
https://www.facebook.com/GitHub
https://www.linkedin.com/company/github
https://www.youtube.com/github
