file downloaded.
links extracted.
https://atom.io
https://desktop.github.com
https://developer.github.com/
https://github.blog
https://github.blog/
https://github.blog/2019-04-22-applications-for-github-satellite-scholarships-tickets-are-now-open/
https://github.blog/2019-08-12-apply-for-a-github-inclusivity-scholarship-and-join-us-at-github-universe/
https://github.blog/2019-12-16-presenting-codenaija-a-hackathon-hosted-by-andela-and-githubs-blacktocats/
https://github.blog/2020-02-20-github-partners-with-hackyourfuture/
https://github.blog/2020-10-27-2020-github-universe-micro-mentoring-application/
https://github.blog/author/toyae/
https://github.blog/category/community/
https://github.blog/category/community/education/
https://github.blog/category/community/events/
https://github.blog/category/community/insights/
https://github.blog/category/community/open-source/
https://github.blog/category/company/
https://github.blog/category/engineering/
https://github.blog/category/enterprise/
https://github.blog/category/product/
https://github.blog/category/product/client-apps/
https://github.blog/category/product/features/
https://github.blog/category/product/security/
https://github.com/
https://github.com/about
https://github.com/about/careers
https://github.com/about/press
https://github.com/contact
https://github.com/customer-stories
https://github.com/enterprise
https://github.com/features
https://github.com/github
https://github.com/pricing
https://github.com/security
https://github.com/site/privacy
https://github.com/site/terms
https://github.com/toyae
https://github.community
https://help.github.com
https://resources.github.com
https://services.github.com
https://shop.github.com
https://status.github.com
https://twitter.com/github
https://www.facebook.com/GitHub
https://www.linkedin.com/company/github
https://www.youtube.com/github
