file downloaded.
links extracted.
https://aur.archlinux.org/packages/github-desktop-bin/
https://brew.sh/
https://central.github.com/deployments/desktop/desktop/latest/darwin
https://central.github.com/deployments/desktop/desktop/latest/win32
https://chocolatey.org/
https://cli.github.com
https://cloud.githubusercontent.com/assets/359239/26094502/a1f56d02-3a5d-11e7-8799-23c7ba5e5106.png
https://desktop.github.com
https://desktop.github.com/
https://developer.appnimatedEllipsis
https://docs.github.com
https://docs.github.com/articles/whi
https://docs.github.com/en/free-pro-team@latest/github/site-policy/github-privacy-statement
https://docs.github.com/en/github/site-policy/github-subprocessors-and-cookies
https://education.github.com
https://electron.atom.io
https://enterprise.github.com/contact
https://github.blog
https://github.com
https://github.com/
https://github.com/about
https://github.com/contact
https://github.com/desktop/desktop/blob/development/CODE_OF_CONDUCT.md
https://github.com/desktop/desktop/blob/development/docs/known-issues.md
https://github.com/desktop/desktop/blob/development/docs/process/roadmap.md
https://github.com/desktop/desktop/blob/development/docs/process/what-is-desktop.md
https://github.com/desktop/desktop/issues
https://github.com/desktop/desktop/issues/new/choose
https://github.com/desktop/desktop/pull/10532
https://github.com/desktop/desktop/pull/10978
https://github.com/events
https://github.com/logos
https://github.com/pricing
https://github.com/shiftkey/desktop
https://github.com/site/privacy
https://github.com/site/terms
https://github.community
https://githubstatus.com/
https://lab.github.com/
https://services.github.com
https://stars.github.com
https://visualstudio.github.com/
