file downloaded.
links extracted.
https://docs.github.com
https://docs.github.com/en/free-pro-team@latest/github/site-policy/github-privacy-statement
https://docs.github.com/en/github/site-policy/github-subprocessors-and-cookies
https://docs.github.com/en/hx_cookie-banner-details
https://docs.github.com/privacy
https://docs.github.com/terms
https://education.github.com
https://enterprise.github.com/contact
https://github.blog
https://github.com
https://github.com/
https://github.com/about
https://github.com/apps/github-actions
https://github.com/cli/cli/commit/6d0e5bf2b8d6acce51add7bbdd4e047ea2db15d9
https://github.com/cli/cli/issues/663
https://github.com/cli/cli/pull/745
https://github.com/cli/cli/pull/762
https://github.com/cli/cli/runs/574465447
https://github.com/cli/cli/runs/574465462
https://github.com/contact
https://github.com/events
https://github.com/pricing
https://github.com/security
https://github.com/site/privacy
https://github.com/site/terms
https://github.community
https://githubstatus.com/
https://lab.github.com/
https://opensource.guide
https://services.github.com
https://stars.github.com
https://user-images.githubusercontent.com/5877477/78418502-9159f900-7677-11ea-8181-a5b5c4b5771d.png
