file downloaded.
links extracted.
https://docs.github.com
https://docs.github.com/en/free-pro-team@latest/github/site-policy/github-privacy-statement
https://docs.github.com/en/github/site-policy/github-subprocessors-and-cookies
https://education.github.com
https://enterprise.github.com/contact
https://github.com/
https://github.com/about
https://github.com/contact
https://github.com/events
https://github.com/pricing
https://github.com/security
https://github.com/site/privacy
https://github.com/site/terms
https://github.community
https://githubstatus.com/
https://lab.github.com/
https://opensource.guide
https://services.github.com
https://stars.github.com
