file downloaded.
links extracted.
https://apps.apple.com/app/github/id1477376905
https://atom.io
https://desktop.github.com
https://github.blog
https://github.blog/
https://github.blog/2020-10-13-presenting-v7-0-0-of-the-npm-cli/
https://github.blog/2020-10-22-introducing-the-npm-public-roadmap-and-a-new-feedback-process/
https://github.blog/author/alwellkevin/
https://github.blog/author/mylesborins/
https://github.blog/author/rnystrom/
https://github.blog/category/community/
https://github.blog/category/community/education/
https://github.blog/category/community/events/
https://github.blog/category/community/insights/
https://github.blog/category/community/open-source/
https://github.blog/category/company/
https://github.blog/category/engineering/
https://github.blog/category/enterprise/
https://github.blog/category/product/
https://github.blog/category/product/client-apps/
https://github.blog/category/product/features/
https://github.blog/category/product/security/
https://github.blog/wp-content/uploads/2020/10/code-options-final.mp4
https://github.blog/wp-content/uploads/2020/10/jump-to-final.mp4
https://github.blog/wp-content/uploads/2020/10/merge-options-final.mp4
https://github.blog/wp-content/uploads/2020/10/multi-line-final.mp4
https://github.com/
https://github.com/about
https://github.com/about/careers
https://github.com/about/press
https://github.com/contact
https://github.com/customer-stories
https://github.com/enterprise
https://github.com/features
https://github.com/github
https://github.com/github/feedback/discussions
https://github.com/github/roadmap/issues/131
https://github.com/pricing
https://github.com/security
https://github.com/site/privacy
https://github.com/site/terms
https://github.community
https://help.github.com
https://play.google.com/store/apps/details
https://resources.github.com
https://services.github.com
https://shop.github.com
https://status.github.com
https://twitter.com/celue/status/1202590715802468355
https://twitter.com/github
https://twitter.com/share
https://www.facebook.com/GitHub
https://www.facebook.com/sharer/sharer.php
https://www.linkedin.com/company/github
https://www.linkedin.com/shareArticle
https://www.youtube.com/github
