file downloaded.
links extracted.
https://docs.github.com
https://docs.github.com/en/free-pro-team@latest/github/site-policy/github-privacy-statement
https://docs.github.com/en/github/site-policy/github-subprocessors-and-cookies
https://docs.github.com/privacy
https://docs.github.com/terms
https://education.github.com
https://enterprise.github.com/contact
https://github.blog
https://github.com
https://github.com/
https://github.com/about
https://github.com/contact
https://github.com/desktop/desktop/blob/ef939e870341001c23f7ec439519c705b287b3a4/app/src/ui/index.tsx
https://github.com/desktop/desktop/pull/7693
https://github.com/desktop/desktop/runs/1373709310
https://github.com/desktop/desktop/runs/1379819295
https://github.com/desktop/desktop/runs/1379819311
https://github.com/events
https://github.com/pricing
https://github.com/security
https://github.com/site/privacy
https://github.com/site/terms
https://github.community
https://githubstatus.com/
https://lab.github.com/
https://opensource.guide
https://services.github.com
