file downloaded.
links extracted.
https://docs.github.com
https://docs.github.com/en/free-pro-team@latest/github/se-consent-learn-more
https://docs.github.com/en/github/site-policy/github-subprocessors-and-cookies
https://docs.github.com/privacy
https://docs.github.com/terms
https://education.github.com
https://enterprise.github.com/contact
https://github.blog
https://github.com
https://github.com/
https://github.com/about
https://github.com/apps/github-actions
https://github.com/cli/cli
https://github.com/cli/cli/issues/1270
https://github.com/cli/cli/issues/1330
https://github.com/cli/cli/issues/1396
https://github.com/cli/cli/issues/798
https://github.com/cli/cli/runs/1006842700
https://github.com/cli/cli/runs/1006842711
https://github.com/cli/cli/runs/1006842725
https://github.com/cli/cli/runs/1006842735
https://github.com/contact
https://github.com/events
https://github.com/mislav
https://github.com/security
https://github.com/site/privacy
https://github.com/site/terms
https://github.community
https://githubstatus.com/
https://lab.github.com/
https://services.github.com
https://stars.github.com
