file downloaded.
links extracted.
https://atom.io
https://bit.ly/2CIfXbv
https://bit.ly/3aCkjO0
https://blog.codecov.io/2019/09/27/were-changing-our-pricing-model-at-codecov/
https://codecov.io/site/privacy
https://codecov.io/site/terms
https://codecov.io/support
https://desktop.github.com/
https://docs.codecov.io
https://docs.github.com
https://docs.github.com/en/free-pro-team@latest/github/site-policy/github-privacy-statement
https://docs.github.com/en/github/site-policy/github-subprocessors-and-cookies
https://docs.github.com/marketplace/getting-started/requirements-for-listing-an-app-on-github-marketplace/
https://education.github.com
https://enterprise.github.com/contact
https://github.blog
https://github.com/
https://github.com/about
https://github.com/certifications
https://github.com/contact
https://github.com/events
https://github.com/github
https://github.com/github/roadmap
https://github.community
https://githubstatus.com/
https://lab.github.com/
https://opensource.guide
https://resources.github.com
https://services.github.com/
https://shop.github.com
https://socialimpact.github.com/
https://stars.github.com
https://status.codecov.io
https://twitter.com/github
https://www.facebook.com/GitHub
https://www.linkedin.com/company/github
https://www.youtube.com/github
