file downloaded.
links extracted.
https://github.com/securas/SealedBite
https://img.itch.zone/aW1hZ2UvNTI1NjU3LzI3MzY1MDMucG5n/original/UoH8pC.png
https://img.itch.zone/aW1hZ2UvNTI1NjU3LzI3MzY1MDQucG5n/original/z9y9R4.png
https://img.itch.zone/aW1hZ2UvNTI1NjU3LzI3MzY1MDUucG5n/original/jLQiT6.png
https://img.itch.zone/aW1hZ2UvNTI1NjU3LzI3MzY1MDYucG5n/original/D5XTbp.png
https://img.itch.zone/aW1hZ2UvNTI1NjU3LzI3MzY1MDcucG5n/original/n92BbM.png
https://img.itch.zone/aW1hZ2UvNTI1NjU3LzI3MzY1MDgucG5n/original/C0oI2D.png
https://itch.io/
https://itch.io/bundles
https://itch.io/comics
https://itch.io/community
https://itch.io/developers
https://itch.io/devlogs
https://itch.io/game-assets
https://itch.io/games
https://itch.io/games-like/525657/sealedbite
https://itch.io/games/assets-cc4-by-nc-nd
https://itch.io/games/code-gpl2
https://itch.io/games/duration-minutes
https://itch.io/games/free
https://itch.io/games/fun
https://itch.io/games/genre-action
https://itch.io/games/input-gamepad
https://itch.io/games/input-keyboard
https://itch.io/games/lang-en
https://itch.io/games/made-with-godot
https://itch.io/games/platform-linux
https://itch.io/games/platform-osx
https://itch.io/games/platform-windows
https://itch.io/games/released
https://itch.io/games/store
https://itch.io/games/tag-horror
https://itch.io/jam/game-off-2019
https://itch.io/jam/game-off-2019/rate/525657
https://itch.io/jams
https://itch.io/jobs
https://itch.io/login
https://itch.io/post/1063994
https://itch.io/post/1064254
https://itch.io/post/1064264
https://itch.io/post/1064348
https://itch.io/post/1064637
https://itch.io/post/1064830
https://itch.io/post/1064995
https://itch.io/post/1065327
https://itch.io/post/1065347
https://itch.io/post/1065458
https://itch.io/post/1065546
https://itch.io/post/1065690
https://itch.io/post/1066077
https://itch.io/post/1066095
https://itch.io/post/1066777
https://itch.io/post/1067834
https://itch.io/post/1068093
https://itch.io/post/1068159
https://itch.io/post/1068459
https://itch.io/post/1069022
https://itch.io/post/1069425
https://itch.io/post/1069931
https://itch.io/post/1071208
https://itch.io/post/1071377
https://itch.io/post/1071970
https://itch.io/post/1071971
https://itch.io/post/1072146
https://itch.io/post/1075827
https://itch.io/post/1078521
https://itch.io/post/1079760
https://itch.io/post/1080053
https://itch.io/post/1084580
https://itch.io/post/1106790
https://itch.io/post/1112337
https://itch.io/post/1116240
https://itch.io/post/1120872
https://itch.io/post/1121007
https://itch.io/post/1122667
https://itch.io/post/1123885
https://itch.io/post/1127769
https://itch.io/post/1127789
https://itch.io/post/1142630
https://itch.io/post/1151772
https://itch.io/post/1153049
https://itch.io/post/1154412
https://itch.io/post/1154706
https://itch.io/post/1155345
https://itch.io/post/1157765
https://itch.io/post/1158016
https://itch.io/post/1239233
https://itch.io/post/1240024
https://itch.io/post/1240597
https://itch.io/post/1240726
https://itch.io/post/1245221
https://itch.io/post/1273747
https://itch.io/post/1391975
https://itch.io/post/1435763
https://itch.io/post/1534999
https://itch.io/post/1608330
https://itch.io/post/1611895
https://itch.io/post/2078518
https://itch.io/profile/b4ux1t3
https://itch.io/profile/bagdev-studios
https://itch.io/profile/blackangel929
https://itch.io/profile/cactushead
https://itch.io/profile/carbscode
https://itch.io/profile/coldbootinit
https://itch.io/profile/creamynebula
https://itch.io/profile/dankmasterson
https://itch.io/profile/doctor-indie
https://itch.io/profile/imatheguy
https://itch.io/profile/jeanx3
https://itch.io/profile/jontopielski
https://itch.io/profile/joshua-mclean
https://itch.io/profile/kanetsu
https://itch.io/profile/kantal
https://itch.io/profile/kapstok
https://itch.io/profile/kingdulche
https://itch.io/profile/kumiho
https://itch.io/profile/larkov
https://itch.io/profile/lodugh
https://itch.io/profile/lscander
https://itch.io/profile/lucas-c
https://itch.io/profile/maldonousky
https://itch.io/profile/narielv
https://itch.io/profile/nezvers
https://itch.io/profile/peteksi
https://itch.io/profile/qcgames
https://itch.io/profile/retroreloader
https://itch.io/profile/sandeepshiven
https://itch.io/profile/securas
https://itch.io/profile/simonschubert
https://itch.io/profile/socs18
https://itch.io/profile/spudcats
https://itch.io/profile/tinchosabala
https://itch.io/profile/tragikarp
https://itch.io/profile/x3d
https://itch.io/profile/xehanort
https://itch.io/register
https://itch.io/sales
https://itch.io/tools
https://raindrinker.itch.io/
https://securas.itch.io
https://securas.itch.io/sealedbite
https://soundcloud.com/fabienmerten
https://wondard.itch.io
https://www.reddit.com/r/godot/comments/9ljor3/psa_tilemap_flickering_possible_fix/
https://www.twitch.tv/rocknightstudios
https://www.twitch.tv/videos/515924247
https://www.twitch.tv/videos/516890473
