file downloaded.
links extracted.
https://assetstore.unity.com
https://assetstore.unity.com/
https://blogs.unity3d.com/
https://blogs.unity3d.com/2019/01/23/how-to-create-a-configurable-car-in-unity-hdrp/
https://blogs.unity3d.com/2020/06/09/unity-2019-lts-is-now-available/
https://blogs.unity3d.com/2020/07/22/bolt-visual-scripting-is-now-included-in-all-unity-plans/
https://blogs.unity3d.com/2020/08/28/unlock-access-to-over-a-billion-new-players-for-your-android-mobile-game/
https://careers.unity.com/
https://docs.unity3d.com/Manual/index.html
https://investors.unity.com/
https://learn.unity.com/
https://resources.unity.com/unitenow
https://store.unity.com/
https://store.unity.com/academic/unity-student
https://store.unity.com/resellers
https://unity.com/education
https://unity.com/madewith
https://unity.com/madewith/pharos-ar
https://unity.com/madewith/praey-for-the-gods
https://unity.com/news
https://unity.com/partners
https://unity.com/products/core-platform
https://unity3d.com/affiliates
https://unity3d.com/coe
https://unity3d.com/community
https://unity3d.com/events
https://unity3d.com/gear
https://unity3d.com/get-unity/download/archive
https://unity3d.com/learn
https://unity3d.com/learn/documentation
https://unity3d.com/learn/support
https://unity3d.com/legal
https://unity3d.com/legal/cookie-policy
https://unity3d.com/legal/do-not-sell-my-personal-information
https://unity3d.com/legal/privacy-policy
https://unity3d.com/legal/trademarks
https://unity3d.com/security
https://unity3d.com/unity/beta
https://unity3d.com/unity/faq
https://unity3d.com/unity/qa
https://www.linkedin.com/company/unity-technologies
