file downloaded.
links extracted.
https://atom.io
https://desktop.github.com
https://developer.github.com/
https://github.blog
https://github.blog/
https://github.blog/2020-06-01-keep-all-your-packages-up-to-date-with-dependabot/
https://github.blog/2020-06-25-dependabot-now-updates-your-actions-workflows/
https://github.blog/2020-07-23-secure-at-every-step-show-your-dependencies-some-love-with-updates/
https://github.blog/2020-08-03-github-actions-improvements-for-fork-and-pull-request-workflows/
https://github.blog/2020-08-04-secure-at-every-step-how-githubs-dependency-graph-is-generated/
https://github.blog/2020-08-05-github-actions-enterprise-runners-and-fine-grained-access-settings-with-runner-groups/
https://github.blog/2020-09-01-introducing-github-container-registry/
https://github.blog/2020-09-23-a-better-logs-experience-with-github-actions/
https://github.blog/2020-09-23-github-mobile-and-graphql/
https://github.blog/2020-10-05-fine-tune-access-to-external-actions/
https://github.blog/author/adrianmg/
https://github.blog/author/infin8x/
https://github.blog/author/ironham/
https://github.blog/author/jenschelkopf/
https://github.blog/author/kaylangan/
https://github.blog/author/mayakacz/
https://github.blog/author/thejoebourneidentity/
https://github.blog/category/community/
https://github.blog/category/community/education/
https://github.blog/category/community/events/
https://github.blog/category/community/insights/
https://github.blog/category/community/open-source/
https://github.blog/category/company/
https://github.blog/category/engineering/
https://github.blog/category/enterprise/
https://github.blog/category/product/
https://github.blog/category/product/client-apps/
https://github.blog/category/product/features/
https://github.blog/category/product/features/page/2/
https://github.blog/category/product/security/
https://github.com/
https://github.com/about
https://github.com/about/careers
https://github.com/about/press
https://github.com/contact
https://github.com/customer-stories
https://github.com/enterprise
https://github.com/github
https://github.com/pricing
https://github.com/security
https://github.com/site/privacy
https://github.com/site/terms
https://github.community
https://help.github.com
https://resources.github.com
https://services.github.com
https://shop.github.com
https://status.github.com
https://twitter.com/github
https://www.facebook.com/GitHub
https://www.linkedin.com/company/github
https://www.youtube.com/github
