file downloaded.
links extracted.
https://bugs.launchpad.net/snapcraft
https://bugs.launchpad.net/snapd
https://cli.github.com
https://dashboard.snapcraft.io/
https://forum.snapcraft.io/
https://forum.snapcraft.io/categories
https://github.com/canonical-web-and-design/snapcraft.io/issues
https://github.com/casperdcl/cli/
https://github.com/casperdcl/cli/issues/new/choose
https://status.snapcraft.io/
https://twitter.com/snapcraftio
https://ubuntu.com/legal/data-privacy
https://ubuntu.com/legal/data-privacy/contact
https://ubuntu.com/legal/terms-and-policies/snap-store-terms
https://www.facebook.com/snapcraftio
https://www.ubuntu.com/kubernetes
https://www.ubuntu.com/legal/data-privacy
https://www.youtube.com/snapcraftio
