file downloaded.
links extracted.
https://docs.github.com
https://docs.github.com/en/free-pro-team@latest/github/site-policy/github-privacy-statement
https://docs.github.com/en/github/site-policy/github-subprocessors-and-cookies
https://docs.github.com/privacy
https://docs.github.com/terms
https://education.github.com
https://github.blog
https://github.blog/changelog/2020-10-01-github-actions-deprecating-set-env-and-add-path-commands/
https://github.com
https://github.com/
https://github.com/about
https://github.com/apps/github-actions
https://github.com/cli/cli/runs/1214945053
https://github.com/cli/cli/runs/1215228151
https://github.com/cli/cli/runs/1215228167
https://github.com/cli/cli/runs/1215228219
https://github.com/cli/cli/runs/1215228273
https://github.com/cli/cli/runs/1215228443
https://github.com/cli/cli/runs/1215228493
https://github.com/cli/cli/runs/1215228558
https://github.com/cli/cli/runs/1215228585
https://github.com/cli/cli/runs/1215255513
https://github.com/contact
https://github.com/events
https://github.com/pricing
https://github.com/security
https://github.com/site/privacy
https://github.com/site/terms
https://github.community
https://githubstatus.com/
https://lab.github.com/
https://opensource.guide
https://services.github.com
https://stars.github.com
