file downloaded.
links extracted.
https://creativecommons.org/
https://creativecommons.org/about/
https://creativecommons.org/about/contact
https://creativecommons.org/about/contact/
https://creativecommons.org/blog/
https://creativecommons.org/compatiblelicenses
https://creativecommons.org/faq
https://creativecommons.org/faq/
https://creativecommons.org/licenses/by/4.0/
https://creativecommons.org/policies
https://creativecommons.org/policies/
https://creativecommons.org/privacy/
https://creativecommons.org/share-your-work/
https://creativecommons.org/terms/
https://creativecommons.org/use-remix/
https://creativecommons.org/use-remix/search-the-commons/
https://creativecommons.org/website-icons
https://freedomdefined.org/
https://network.creativecommons.org/
https://search.creativecommons.org/
https://store.creativecommons.org/
https://twitter.com/creativecommons
https://us.e-activist.com/page/6747/subscribe/1
https://us.netdonor.net/page/6650/donate/1
https://wiki.creativecommons.org/Considerations_for_licensors_and_licensees
https://wiki.creativecommons.org/FAQ
https://wiki.creativecommons.org/Frequently_Asked_Questions
https://wiki.creativecommons.org/License_Versions
https://www.facebook.com/creativecommons
