file downloaded.
links extracted.
https://beta.companieshouse.gov.uk/company/11834461
https://chayn.co/
https://chayn.co/about/
https://chayn.co/impact/
https://chayn.co/join/
https://chayn.co/privacy/
https://chayn.co/projects/
https://chayn.co/tools/
https://chayn.gitbook.io/impact/
https://chayn.gitbook.io/impact/2017
https://chayn.gitbooks.io/impact/2014.html
https://chayn.gitbooks.io/impact/2015.html
https://github.com/chaynHQ
https://github.com/sponsors/chaynHQ/
https://instagram.com/chaynhq/
https://medium.com/hack-for-chayn
https://soundcloud.com/chayn-hq
https://www.facebook.com/chayn
https://www.linkedin.com/company/chayn
https://www.paypal.me/chaynhq
