file downloaded.
links extracted.
https://coveralls.io/github/iarna/gauge
https://coveralls.io/github/isaacs/abbrev-js
https://coveralls.io/github/isaacs/chownr
https://coveralls.io/github/isaacs/ini
https://coveralls.io/github/isaacs/node-glob
https://coveralls.io/github/isaacs/node-graceful-fs
https://coveralls.io/github/isaacs/once
https://coveralls.io/github/npm/arborist
https://coveralls.io/github/npm/bin-links
https://coveralls.io/github/npm/ci-detect
https://coveralls.io/github/npm/cli
https://coveralls.io/github/npm/dezalgo
https://coveralls.io/github/npm/dynector
https://coveralls.io/github/npm/fs-vacuum
https://coveralls.io/github/npm/fs-write-stream-atomic
https://coveralls.io/github/npm/fstream
https://coveralls.io/github/npm/gentle-fs
https://coveralls.io/github/npm/hosted-git-info
https://coveralls.io/github/npm/libnpmaccess
https://coveralls.io/github/npm/libnpmhook
https://coveralls.io/github/npm/libnpmsearch
https://coveralls.io/github/npm/libnpmteam
https://coveralls.io/github/npm/logical-tree
https://coveralls.io/github/npm/marky-markdown
https://coveralls.io/github/npm/micro-monitor
https://coveralls.io/github/npm/mustache-mailer
https://coveralls.io/github/npm/mute-stream
https://coveralls.io/github/npm/node-semver
https://coveralls.io/github/npm/node-tar
https://coveralls.io/github/npm/node-which
https://coveralls.io/github/npm/normalize-git-url
https://coveralls.io/github/npm/normalize-package-data
https://coveralls.io/github/npm/npm-audit-report
https://coveralls.io/github/npm/npm-package-arg
https://coveralls.io/github/npm/npm-profile
https://coveralls.io/github/npm/npm-registry-couchapp
https://coveralls.io/github/npm/npm-registry-fetch
https://coveralls.io/github/npm/npm-registry-mock
https://coveralls.io/github/npm/npm-remote-ls
https://coveralls.io/github/npm/npm-user-validate
https://coveralls.io/github/npm/npmlog
https://coveralls.io/github/npm/oauth2-server-pg
https://coveralls.io/github/npm/osenv
https://coveralls.io/github/npm/read
https://coveralls.io/github/npm/read-installed
https://coveralls.io/github/npm/read-package-json
https://coveralls.io/github/npm/read-package-tree
https://coveralls.io/github/npm/slide-flow-control
https://coveralls.io/github/npm/validate-npm-package-name
https://coveralls.io/github/npm/wombat-cli
https://coveralls.io/github/npm/wrappy
https://coveralls.io/github/tapjs/node-tap
https://coveralls.io/github/zkat/make-fetch-happen
https://coveralls.io/github/zkat/my-precious
https://github.com/iarna/aproba
https://github.com/iarna/aproba/issues
https://github.com/iarna/aproba/pulls
https://github.com/iarna/has-unicode
https://github.com/iarna/has-unicode/issues
https://github.com/iarna/has-unicode/pulls
https://github.com/iarna/require-inject
https://github.com/iarna/require-inject/issues
https://github.com/iarna/require-inject/pulls
https://github.com/iarna/require-inject/stargazers
https://github.com/iarna/tacks
https://github.com/iarna/tacks/issues
https://github.com/iarna/tacks/pulls
https://github.com/iarna/tacks/stargazers
https://github.com/isaacs/abbrev-js
https://github.com/isaacs/abbrev-js/issues
https://github.com/isaacs/abbrev-js/pulls
https://github.com/isaacs/abbrev-js/stargazers
https://github.com/isaacs/chownr
https://github.com/isaacs/chownr/issues
https://github.com/isaacs/chownr/pulls
https://github.com/isaacs/chownr/stargazers
https://github.com/isaacs/inherits
https://github.com/isaacs/inherits/issues
https://github.com/isaacs/inherits/pulls
https://github.com/isaacs/node-glob/pulls
https://github.com/isaacs/node-glob/stargazers
https://github.com/isaacs/node-graceful-fs
https://github.com/isaacs/node-graceful-fs/issues
https://github.com/isaacs/node-graceful-fs/pulls
https://github.com/isaacs/once/issues
https://github.com/isaacs/once/pulls
https://github.com/isaacs/once/stargazers
https://github.com/isaacs/rimraf
https://github.com/isaacs/rimraf/issues
https://github.com/isaacs/rimraf/pulls
https://github.com/isaacs/rimraf/stargazers
https://github.com/npm/.github
https://github.com/npm/.github/issues
https://github.com/npm/.github/pulls
https://github.com/npm/.github/stargazers
https://github.com/npm/action-deploy
https://github.com/npm/action-deploy/issues
https://github.com/npm/action-deploy/pulls
https://github.com/npm/annotation-poller
https://github.com/npm/annotation-poller/issues
https://github.com/npm/annotation-poller/pulls
https://github.com/npm/annotation-poller/stargazers
https://github.com/npm/ansible-nagios
https://github.com/npm/ansible-nagios/issues
https://github.com/npm/ansible-nagios/pulls
https://github.com/npm/ansible-nagios/stargazers
https://github.com/npm/ansible-pg-wale
https://github.com/npm/ansible-pg-wale/issues
https://github.com/npm/ansible-pg-wale/ps-minipass/pulls
https://github.com/npm/ansible-pg-wale/stargazers
https://github.com/npm/arborist
https://github.com/npm/arborist/issues
https://github.com/npm/arborist/pulls
https://github.com/npm/are-we-there-yet
https://github.com/npm/are-we-there-yet/issues
https://github.com/npm/are-we-there-yet/pulls
https://github.com/npm/are-we-there-yet/stargazers
https://github.com/npm/bin-links
https://github.com/npm/bin-links/issues
https://github.com/npm/bin-links/pulls
https://github.com/npm/bin-links/stargazers
https://github.com/npm/cacache
https://github.com/npm/cacache/issues
https://github.com/npm/cacache/pulls
https://github.com/npm/cacache/stargazers
https://github.com/npm/ci-detect
https://github.com/npm/ci-detect/issues
https://github.com/npm/ci-detect/pulls
https://github.com/npm/ci-detect/stargazers
https://github.com/npm/cli
https://github.com/npm/cli/issues
https://github.com/npm/cli/pulls
https://github.com/npm/cli/stargazers
https://github.com/npm/cmd-shim
https://github.com/npm/cmd-shim/issues
https://github.com/npm/cmd-shim/pulls
https://github.com/npm/cmd-shim/stargazers
https://github.com/npm/concurrent-couch-follower
https://github.com/npm/concurrent-couch-follower/issues
https://github.com/npm/concurrent-couch-follower/stargazers
https://github.com/npm/content-type-to-language-name
https://github.com/npm/content-type-to-language-name/issues
https://github.com/npm/content-type-to-language-name/stargazers
https://github.com/npm/copy-concurrently
https://github.com/npm/copy-concurrently/issues
https://github.com/npm/copy-concurrently/pulls
https://github.com/npm/copy-concurrently/stargazers
https://github.com/npm/couch-url-rewrite-proxy
https://github.com/npm/couch-url-rewrite-proxy/issues
https://github.com/npm/couch-url-rewrite-proxy/pulls
https://github.com/npm/couch-url-rewrite-proxy/stargazers
https://github.com/npm/create-oss
https://github.com/npm/create-oss/issues
https://github.com/npm/create-oss/pulls
https://github.com/npm/create-oss/stargazers
https://github.com/npm/decorate
https://github.com/npm/decorate/issues
https://github.com/npm/decorate/pulls
https://github.com/npm/decorate/stargazers
https://github.com/npm/dezalgo
https://github.com/npm/dezalgo/issues
https://github.com/npm/dezalgo/pulls
https://github.com/npm/dezalgo/stargazers
https://github.com/npm/disparity-colors
https://github.com/npm/disparity-colors/issues
https://github.com/npm/disparity-colors/stargazers
https://github.com/npm/dynector
https://github.com/npm/dynector/issues
https://github.com/npm/dynector/pulls
https://github.com/npm/dynector/stargazers
https://github.com/npm/external-fetch
https://github.com/npm/external-fetch/issues
https://github.com/npm/external-fetch/pulls
https://github.com/npm/external-fetch/stargazers
https://github.com/npm/fallback-fs
https://github.com/npm/fallback-fs/issues
https://github.com/npm/fallback-fs/pulls
https://github.com/npm/fallback-fs/stargazers
https://github.com/npm/fastify-metrics
https://github.com/npm/fastify-metrics/issues
https://github.com/npm/fastify-metrics/pulls
https://github.com/npm/fastify-metrics/stargazers
https://github.com/npm/fastify-monitor
https://github.com/npm/fastify-monitor/issues
https://github.com/npm/fastify-monitor/pulls
https://github.com/npm/fastify-monitor/stargazers
https://github.com/npm/find-npm-prefix
https://github.com/npm/find-npm-prefix/issues
https://github.com/npm/find-npm-prefix/pulls
https://github.com/npm/find-npm-prefix/stargazers
https://github.com/npm/fs-minipass
https://github.com/npm/fs-minipass/issues
https://github.com/npm/fs-minipass/pulls
https://github.com/npm/fs-minipass/stargazers
https://github.com/npm/fs-vacuum
https://github.com/npm/fs-vacuum/issues
https://github.com/npm/fs-vacuum/pulls
https://github.com/npm/fs-vacuum/stargazers
https://github.com/npm/fs-write-stream-atomic
https://github.com/npm/fs-write-stream-atomic/issues
https://github.com/npm/fs-write-stream-atomic/pulls
https://github.com/npm/fstream
https://github.com/npm/fstream/issues
https://github.com/npm/fstream/pulls
https://github.com/npm/fstream/stargazers
https://github.com/npm/gauge
https://github.com/npm/gauge/issues
https://github.com/npm/gauge/pulls
https://github.com/npm/gauge/stargazers
https://github.com/npm/gentle-fs
https://github.com/npm/gentle-fs/issues
https://github.com/npm/gentle-fs/pulls
https://github.com/npm/gentle-fs/stargazers
https://github.com/npm/gh-issues
https://github.com/npm/gh-issues/issues
https://github.com/npm/gh-issues/pulls
https://github.com/npm/gh-issues/stargazers
https://github.com/npm/git
https://github.com/npm/git/issues
https://github.com/npm/git/pulls
https://github.com/npm/git/stargazers
https://github.com/npm/hosted-git-info
https://github.com/npm/hosted-git-info/pulls
https://github.com/npm/hosted-git-info/stargazers
https://github.com/npm/ignore-walk
https://github.com/npm/ignore-walk/issues
https://github.com/npm/ignore-walk/pulls
https://github.com/npm/ignore-walk/stargazers
https://github.com/npm/infer-owner
https://github.com/npm/infer-owner/issues
https://github.com/npm/infer-owner/pulls
https://github.com/npm/inflight
https://github.com/npm/inflight/issues
https://github.com/npm/inflight/pulls
https://github.com/npm/inflight/stargazers
https://github.com/npm/ini
https://github.com/npm/ini/issues
https://github.com/npm/ini/pulls
https://github.com/npm/ini/stargazers
https://github.com/npm/init-package-json/pulls
https://github.com/npm/init-package-json/stargazers
https://github.com/npm/installed-package-contents
https://github.com/npm/installed-package-contents/issues
https://github.com/npm/installed-package-contents/pulls
https://github.com/npm/installed-package-contents/stargazers
https://github.com/npm/joi-env
https://github.com/npm/joi-env/issues
https://github.com/npm/joi-env/pulls
https://github.com/npm/joi-env/stargazers
https://github.com/npm/libcipm
https://github.com/npm/libcipm/issues
https://github.com/npm/libcipm/pulls
https://github.com/npm/libcipm/stargazers
https://github.com/npm/libnpm
https://github.com/npm/libnpm-read-package-manifest
https://github.com/npm/libnpm-read-package-manifest/issues
https://github.com/npm/libnpm-read-package-manifest/pulls
https://github.com/npm/libnpm-read-packageissues
https://github.com/npm/libnpm-resolve-module-tree
https://github.com/npm/libnpm-resolve-module-tree/issues
https://github.com/npm/libnpm-resolve-module-tree/stargazers
https://github.com/npm/libnpm/issues
https://github.com/npm/libnpm/stargazers
https://github.com/npm/libnpmaccess
https://github.com/npm/libnpmaccess/issues
https://github.com/npm/libnpmaccess/pulls
https://github.com/npm/libnpmaccess/stargazers
https://github.com/npm/libnpmconfig
https://github.com/npm/libnpmconfig/issues
https://github.com/npm/libnpmconfig/stargazers
https://github.com/npm/libnpmhook
https://github.com/npm/libnpmhook/issues
https://github.com/npm/libnpmhook/pulls
https://github.com/npm/libnpmhook/stargazers
https://github.com/npm/libnpmorg/issues
https://github.com/npm/libnpmorg/pulls
https://github.com/npm/libnpmorg/stargazers
https://github.com/npm/libnpmsearch
https://github.com/npm/libnpmsearch/issues
https://github.com/npm/libnpmsearch/pulls
https://github.com/npm/libnpmsearch/stargazers
https://github.com/npm/libnpmteam/issues
https://github.com/npm/libnpmteam/pulls
https://github.com/npm/libnpmteam/stargazers
https://github.com/npm/libnpmteaub.com/npm/joi-env
https://github.com/npm/libnpmversion
https://github.com/npm/libnpmversion/issues
https://github.com/npm/libnpmversion/stargazers
https://github.com/npm/libpickupdates
https://github.com/npm/libpickupdates/issues
https://github.com/npm/libpickupdates/pulls
https://github.com/npm/libpickupdates/stargazers
https://github.com/npm/lock-verify
https://github.com/npm/lock-verify/issues
https://github.com/npm/lock-verify/pulls
https://github.com/npm/lock-verify/stargazers
https://github.com/npm/lockfile
https://github.com/npm/lockfile/pulls
https://github.com/npm/lockfile/stargazers
https://github.com/npm/logical-tree/issues
https://github.com/npm/logical-tree/pulls
https://github.com/npm/logical-tree/stargazers
https://github.com/npm/logos
https://github.com/npm/logos/issues
https://github.com/npm/logos/pulls
https://github.com/npm/logos/stargazers
https://github.com/npm/map-workspaces
https://github.com/npm/map-workspaces/pulls
https://github.com/npm/map-workspaces/stargazers
https://github.com/npm/marky-markdown
https://github.com/npm/marky-markdown/issues
https://github.com/npm/marky-markdown/pulls
https://github.com/npm/marky-markdown/stargazers
https://github.com/npm/micro-monitor
https://github.com/npm/micro-monitor/issues
https://github.com/npm/micro-monitor/pulls
https://github.com/npm/micro-monitor/stargazers
https://github.com/npm/minipass-fetch
https://github.com/npm/minipass-fetch/issues
https://github.com/npm/minipass-fetch/pulls
https://github.com/npm/minipass-fetch/stargazers
https://github.com/npm/mustache-mailer
https://github.com/npm/mustache-mailer/issues
https://github.com/npm/mustache-mailer/pulls
https://github.com/npm/mustache-mailer/stargazers
https://github.com/npm/mute-stream
https://github.com/npm/mute-stream/issues
https://github.com/npm/mute-stream/pulls
https://github.com/npm/my-first-publish-bot
https://github.com/npm/my-first-publish-bot/issues
https://github.com/npm/my-first-publish-bot/pulls
https://github.com/npm/my-first-publish-bot/stargazers
https://github.com/npm/name-from-folder
https://github.com/npm/name-from-folder/issues
https://github.com/npm/name-from-folder/pulls
https://github.com/npm/name-from-folder/stargazers
https://github.com/npm/ndm
https://github.com/npm/ndm/issues
https://github.com/npm/ndm/pulls
https://github.com/npm/ndm/stargazers
https://github.com/npm/node-semver
https://github.com/npm/node-semver/issues
https://github.com/npm/node-semver/pulls
https://github.com/npm/node-semver/stargazers
https://github.com/npm/node-tar
https://github.com/npm/node-tar/issues
https://github.com/npm/node-tar/pulls
https://github.com/npm/node-tar/stargazers
https://github.com/npm/node-which
https://github.com/npm/node-which/issues
https://github.com/npm/node-which/pulls
https://github.com/npm/node-which/stargazers
https://github.com/npm/nopt
https://github.com/npm/nopt/issues
https://github.com/npm/nopt/pulls
https://github.com/npm/nopt/stargazers
https://github.com/npm/normalize-git-url/pulls
https://github.com/npm/normalize-git-url/stargazers
https://github.com/npm/normalize-pacass
https://github.com/npm/normalize-package-data
https://github.com/npm/normalize-package-data/issues
https://github.com/npm/normalize-package-data/stargazers
https://github.com/npm/notify-by-ses
https://github.com/npm/notify-by-ses/issues
https://github.com/npm/notify-by-ses/pulls
https://github.com/npm/notify-by-ses/stargazers
https://github.com/npm/npm-audit-report
https://github.com/npm/npm-audit-report/issues
https://github.com/npm/npm-audit-report/pulls
https://github.com/npm/npm-audit-report/stargazers
https://github.com/npm/npm-bundled
https://github.com/npm/npm-bundled/pulls
https://github.com/npm/npm-bundled/stargazers
https://github.com/npm/npm-cache-filename
https://github.com/npm/npm-cache-filename/issues
https://github.com/npm/npm-cache-filename/pulls
https://github.com/npm/npm-cache-filename/stargazers
https://github.com/npm/npm-docker-couchdb
https://github.com/npm/npm-docker-couchdb/issues
https://github.com/npm/npm-docker-couchdb/pulls
https://github.com/npm/npm-docker-couchdb/stargazers
https://github.com/npm/npm-docker-elasticsearch
https://github.com/npm/npm-docker-elasticsearch/issues
https://github.com/npm/npm-docker-elasticsearch/stargazers
https://github.com/npm/npm-expansions
https://github.com/npm/npm-expansions/issues
https://github.com/npm/npm-expansions/pulls
https://github.com/npm/npm-expansions/stargazers
https://github.com/npm/npm-hook-slack
https://github.com/npm/npm-hook-slack/issues
https://github.com/npm/npm-hook-slack/pulls
https://github.com/npm/npm-hook-slack/stargazers
https://github.com/npm/npm-install-checks
https://github.com/npm/npm-install-checks/issues
https://github.com/npm/npm-install-checks/pulls
https://github.com/npm/npm-install-checks/stargazers
https://github.com/npm/npm-lifecycle/issues
https://github.com/npm/npm-lifecycle/pulls
https://github.com/npm/npm-lifecycle/stargazers
https://github.com/npm/npm-merge-driver
https://github.com/npm/npm-merge-driver/issues
https://github.com/npm/npm-merge-driver/pulls
https://github.com/npm/npm-merge-driver/stargazers
https://github.com/npm/npm-normalize-package-bin/issues
https://github.com/npm/npm-normalize-package-bin/pulls
https://github.com/npm/npm-normalize-package-bin/stargazers
https://github.com/npm/npm-package-arg
https://github.com/npm/npm-package-arg/issues
https://github.com/npm/npm-package-arg/pulls
https://github.com/npm/npm-package-arg/stargazers
https://github.com/npm/npm-packlist
https://github.com/npm/npm-packlist/issues
https://github.com/npm/npm-packlist/pulls
https://github.com/npm/npm-packlist/stargazers
https://github.com/npm/npm-profile
https://github.com/npm/npm-profile/issues
https://github.com/npm/npm-profile/pulls
https://github.com/npm/npm-profile/stargazers
https://github.com/npm/npm-registry-client
https://github.com/npm/npm-registry-client/issues
https://github.com/npm/npm-registry-client/pulls
https://github.com/npm/npm-registry-client/stargazers
https://github.com/npm/npm-registry-couchapp
https://github.com/npm/npm-registry-couchapp/issues
https://github.com/npm/npm-registry-couchapp/pulls
https://github.com/npm/npm-registry-couchapp/stargazers
https://github.com/npm/npm-registry-fetch/issues
https://github.com/npm/npm-registry-fetch/pulls
https://github.com/npm/npm-registry-fetch/stargazers
https://github.com/npm/npm-registry-mock
https://github.com/npm/npm-registry-mock/issues
https://github.com/npm/npm-registry-mock/pulls
https://github.com/npm/npm-remote-ls
https://github.com/npm/npm-remote-ls/issues
https://github.com/npm/npm-remote-ls/pulls
https://github.com/npm/npm-remote-ls/stargazers
https://github.com/npm/npm-user-validate
https://github.com/npm/npm-user-validate/pulls
https://github.com/npm/npm-user-validate/stargazers
https://github.com/npm/npm2es2
https://github.com/npm/npm2es2/issues
https://github.com/npm/npm2es2/pulls
https://github.com/npm/npm2es2/stargazers
https://github.com/npm/npme-docs/issues
https://github.com/npm/npme-docs/pulls
https://github.com/npm/npme-docs/stargazers
https://github.com/npm/npmlog
https://github.com/npm/npmlog/issues
https://github.com/npm/npmlog/pulls
https://github.com/npm/npmlog/stargazers
https://github.com/npm/npms-brunch
https://github.com/npm/npms-brunch/issues
https://github.com/npm/npms-brunch/pulls
https://github.com/npm/npx
https://github.com/npm/npx/issues
https://github.com/npm/npx/stargazers
https://github.com/npm/oauth2-server-pg
https://github.com/npm/oauth2-server-pg/issues
https://github.com/npm/oauth2-server-pg/stargazers
https://github.com/npm/osenv
https://github.com/npm/osenv/issues
https://github.com/npm/osenv/pulls
https://github.com/npm/osenv/stargazers
https://github.com/npm/pacote
https://github.com/npm/pacote/issues
https://github.com/npm/pacote/pulls
https://github.com/npm/pacote/stargazers
https://github.com/npm/parse-conflict-json
https://github.com/npm/parse-conflict-json/issues
https://github.com/npm/parse-conflict-json/pulls
https://github.com/npm/parse-conflict-json/stargazers
https://github.com/npm/pg-db-session/pulls
https://github.com/npm/pg-db-session/stargazers
https://github.com/npm/pneumatic-tubes
https://github.com/npm/pneumatic-tubes/pulls
https://github.com/npm/pneumatic-tubes/stargazers
https://github.com/npm/policies
https://github.com/npm/policies/issues
https://github.com/npm/policies/pulls
https://github.com/npm/policies/stargazers
https://github.com/npm/promzard
https://github.com/npm/promzard/issues
https://github.com/npm/promzard/pulls
https://github.com/npm/promzard/stargazers
https://github.com/npm/proxy-registry
https://github.com/npm/proxy-registry/issues
https://github.com/npm/proxy-registry/pulls
https://github.com/npm/proxy-registry/stargazers
https://github.com/npm/pull
https://github.com/npm/pull/issues
https://github.com/npm/pull/pulls
https://github.com/npm/pull/stargazers
https://github.com/npm/read
https://github.com/npm/read-cmd-shim
https://github.com/npm/read-cmd-shim/issues
https://github.com/npm/read-cmd-shim/pulls
https://github.com/npm/read-cmd-shim/stargazers
https://github.com/npm/read-installed
https://github.com/npm/read-installed/issues
https://github.com/npm/read-installed/pulls
https://github.com/npm/read-installed/stargazers
https://github.com/npm/read-package-json
https://github.com/npm/read-package-json-fast
https://github.com/npm/read-package-json-fast/issues
https://github.com/npm/read-package-json-fast/pulls
https://github.com/npm/read-package-json-fast/stargazers
https://github.com/npm/read-package-json/issues
https://github.com/npm/read-package-json/pulls
https://github.com/npm/read-package-json/stargazers
https://github.com/npm/read-package-tree
https://github.com/npm/read-package-tree/issues
https://github.com/npm/read-package-tree/pulls
https://github.com/npm/read/issues
https://github.com/npm/read/pulls
https://github.com/npm/read/stargazers
https://github.com/npm/realize-package-specifier
https://github.com/npm/realize-package-specifier/issues
https://github.com/npm/realize-package-specifier/pulls
https://github.com/npm/realize-package-specifier/stargazers
https://github.com/npm/redis
https://github.com/npm/redis/issues
https://github.com/npm/redis/pulls
https://github.com/npm/redis/stargazers
https://github.com/npm/registry
https://github.com/npm/registry-follower-tutorial
https://github.com/npm/registry-follower-tutorial/issues
https://github.com/npm/registry-follower-tutorial/stargazers
https://github.com/npm/registry/issues
https://github.com/npm/registry/pulls
https://github.com/npm/rewrite-url-follower
https://github.com/npm/rewrite-url-follower/issues
https://github.com/npm/rewrite-url-follower/pulls
https://github.com/npm/rewrite-url-follower/stargazers
https://github.com/npm/rfcs
https://github.com/npm/rfcs/issues
https://github.com/npm/rfcs/pulls
https://github.com/npm/run-script/issues
https://github.com/npm/run-script/pulls
https://github.com/npm/run-script/stargazers
https://github.com/npm/rust-readme-client
https://github.com/npm/rust-readme-client/issues
https://github.com/npm/rust-readme-client/pulls
https://github.com/npm/rust-readme-client/stargazers
https://github.com/npm/slide-flow-control
https://github.com/npm/slide-flow-control/issues
https://github.com/npm/slide-flow-control/pulls
https://github.com/npm/slide-flow-control/stargazers
https://github.com/npm/spife-dev-logger
https://github.com/npm/spife-dev-logger/issues
https://github.com/npm/spife-dev-logger/pulls
https://github.com/npm/spife-dev-logger/stargazers
https://github.com/npm/spife-ratelimit
https://github.com/npm/spife-ratelimit/issues
https://github.com/npm/spife-ratelimit/pulls
https://github.com/npm/spife-ratelimit/stargazers
https://github.com/npm/ssri
https://github.com/npm/ssri/issues
https://github.com/npm/ssri/pulls
https://github.com/npm/ssri/stargazers
https://github.com/npm/static-pages
https://github.com/npm/static-pages/pulls
https://github.com/npm/static-pages/stargazers
https://github.com/npm/statusboard
https://github.com/npm/statusboard/issues
https://github.com/npm/statusboard/pulls
https://github.com/npm/statusboard/stargazers
https://github.com/npm/stringify-package
https://github.com/npm/stringify-package/issues
https://github.com/npm/stringify-package/pulls
https://github.com/npm/stringify-package/stargazers
https://github.com/npm/tarpit
https://github.com/npm/tarpit/issues
https://github.com/npm/tarpit/pulls
https://github.com/npm/tarpit/stargazers
https://github.com/npm/tink
https://github.com/npm/tink/issues
https://github.com/npm/tink/pulls
https://github.com/npm/tink/stargazers
https://github.com/npm/token-facilitator
https://github.com/npm/token-facilitator/issues
https://github.com/npm/token-facilitator/pulls
https://github.com/npm/token-facilitator/stargazers
https://github.com/npm/treeverse
https://github.com/npm/treeverse/issues
https://github.com/npm/treeverse/pulls
https://github.com/npm/treeverse/stargazers
https://github.com/npm/types
https://github.com/npm/types/issues
https://github.com/npm/types/pulls
https://github.com/npm/types/stargazers
https://github.com/npm/uid-number
https://github.com/npm/uid-number/issues
https://github.com/npm/uid-number/pulls
https://github.com/npm/uid-number/stargazers
https://github.com/npm/unique-filename
https://github.com/npm/unique-filename/issues
https://github.com/npm/unique-filename/pulls
https://github.com/npm/unique-filename/stargazers
https://github.com/npm/unique-slug/issues
https://github.com/npm/unique-slug/pulls
https://github.com/npm/unique-slug/stargazers
https://github.com/npm/validate-npm-package-name
https://github.com/npm/validate-npm-package-name/issues
https://github.com/npm/validate-npm-package-name/stargazers
https://github.com/npm/with-fixtures
https://github.com/npm/with-fixtures/issues
https://github.com/npm/with-fixtures/pulls
https://github.com/npm/with-fixtures/stargazers
https://github.com/npm/wombat-cli
https://github.com/npm/wombat-cli/issues
https://github.com/npm/wombat-cli/pulls
https://github.com/npm/wombat-cli/stargazers
https://github.com/npm/wrappy
https://github.com/npm/wrappy/issues
https://github.com/npm/wrappy/pulls
https://github.com/npm/wrappy/stargazers
https://github.com/npm/write-file-atomic
https://github.com/npm/write-file-atomic/issues
https://github.com/npm/write-file-atomic/pulls
https://github.com/npm/write-file-atomic/stargazers
https://github.com/tapjs/node-tap
https://github.com/tapjs/node-tap/issues
https://github.com/tapjs/node-tap/pulls
https://github.com/tapjs/node-tap/stargazers
https://github.com/zkat/make-fetch-happen
https://github.com/zkat/make-fetch-happen/issues
https://github.com/zkat/make-fetch-happen/pulls
https://github.com/zkat/make-fetch-happen/stargazers
https://github.com/zkat/my-precious
https://github.com/zkat/my-precious/issues
https://github.com/zkat/my-precious/pulls
https://github.com/zkat/my-precious/stargazers
https://github.ctps://www.npmjs.com/package/@npm/shelby
https://npmjs.com/
https://www.npmjnpm-normalize-package-bin
https://www.npmjs.com/package/
https://www.npmjs.com/package/@npm/decorate
https://www.npmjs.com/package/@npm/knork-dev-logger
https://www.npmjs.com/package/@npm/pg-db-session
https://www.npmjs.com/package/@npm/shelby
https://www.npmjs.com/package/@npm/spife-ratelimit
https://www.npmjs.com/package/@npm/types
https://www.npmjs.com/package/@npmcli/arborist
https://www.npmjs.com/package/@npmcli/ci-detect
https://www.npmjs.com/package/@npmcli/disparity-colors
https://www.npmjs.com/package/@npmcli/installed-package-contents
https://www.npmjs.com/package/@npmcli/map-workspaces
https://www.npmjs.com/package/@npmcli/name-from-folder
https://www.npmjs.com/package/@npmcli/pull
https://www.npmjs.com/package/@npmcli/run-script
https://www.npmjs.com/package/@npmcorp/.github
https://www.npmjs.com/package/@npmcorp/fastify-metrics
https://www.npmjs.com/package/@npmcorp/fastify-monitor
https://www.npmjs.com/package/@npmcorp/joi-env
https://www.npmjs.com/package/@npmcorp/redis
https://www.npmjs.com/package/abbrev
https://www.npmjs.com/package/annotation-poller
https://www.npmjs.com/package/aproba
https://www.npmjs.com/package/are-we-there-yet
https://www.npmjs.com/package/bin-links
https://www.npmjs.com/package/cacache
https://www.npmjs.com/package/chownr
https://www.npmjs.com/package/cmd-shim
https://www.npmjs.com/package/concurrent-couch-follower
https://www.npmjs.com/package/content-type-to-language-name
https://www.npmjs.com/package/copy-concurrently
https://www.npmjs.com/package/dezalgo
https://www.npmjs.com/package/do-you-even-lift
https://www.npmjs.com/package/dynector
https://www.npmjs.com/package/fallback-fs
https://www.npmjs.com/package/find-npm-prefix
https://www.npmjs.com/package/fs-vacuum
https://www.npmjs.com/package/fs-write-stream-atomic
https://www.npmjs.com/package/fstream
https://www.npmjs.com/package/gentle-fs
https://www.npmjs.com/package/glob
https://www.npmjs.com/package/graceful-fs
https://www.npmjs.com/package/has-unicode
https://www.npmjs.com/package/hosted-git-info
https://www.npmjs.com/package/ignore-walk
https://www.npmjs.com/package/infer-owner
https://www.npmjs.com/package/inflight
https://www.npmjs.com/package/inherits
https://www.npmjs.com/package/ini
https://www.npmjs.com/package/init-package-json
https://www.npmjs.com/package/libcipm
https://www.npmjs.com/package/libnpmaccess
https://www.npmjs.com/package/libnpmconfig
https://www.npmjs.com/package/libnpmfund
https://www.npmjs.com/package/libnpmhook
https://www.npmjs.com/package/libnpmorg
https://www.npmjs.com/package/libnpmpack
https://www.npmjs.com/package/libnpmpublish
https://www.npmjs.com/package/libnpmsearch
https://www.npmjs.com/package/libnpmteam
https://www.npmjs.com/package/libnpmversion
https://www.npmjs.com/package/lock-verify
https://www.npmjs.com/package/lockfile
https://www.npmjs.com/package/logos
https://www.npmjs.com/package/make-fetch-happen
https://www.npmjs.com/package/marky-markdown
https://www.npmjs.com/package/micro-monitor
https://www.npmjs.com/package/minipass-fetch
https://www.npmjs.com/package/move-concurrently
https://www.npmjs.com/package/mute-stream
https://www.npmjs.com/package/ndm
https://www.npmjs.com/package/nm
https://www.npmjs.com/package/nopt
https://www.npmjs.com/package/normalize-git-url
https://www.npmjs.com/package/normalize-package-data
https://www.npmjs.com/package/notify-by-ses
https://www.npmjs.com/package/npm-audit-report
https://www.npmjs.com/package/npm-bundled
https://www.npmjs.com/package/npm-cache-filename
https://www.npmjs.com/package/npm-expansions
https://www.npmjs.com/package/npm-install-checks
https://www.npmjs.com/package/npm-lifecycle
https://www.npmjs.com/package/npm-logical-tree
https://www.npmjs.com/package/npm-merge-driver
https://www.npmjs.com/package/npm-normalize-package-bin
https://www.npmjs.com/package/npm-package-arg
https://www.npmjs.com/package/npm-packlist
https://www.npmjs.com/package/npm-profile
https://www.npmjs.com/package/npm-registry-client
https://www.npmjs.com/package/npm-registry-fetch
https://www.npmjs.com/package/npm-registry-mock
https://www.npmjs.com/package/npm-remote-ls
https://www.npmjs.com/package/npm-user-validate
https://www.npmjs.com/package/npme-slug-validate
https://www.npmjs.com/package/npmepm
https://www.npmjs.com/package/npmlog
https://www.npmjs.com/package/npx
https://www.npmjs.com/package/oauth2-server-pg
https://www.npmjs.com/package/once
https://www.npmjs.com/package/osenv
https://www.npmjs.com/package/parse-conflict-json
https://www.npmjs.com/package/pneumatic-tubes
https://www.npmjs.com/package/promzard
https://www.npmjs.com/package/proxy-registry
https://www.npmjs.com/package/read
https://www.npmjs.com/package/read-cmd-shim
https://www.npmjs.com/package/read-installed
https://www.npmjs.com/package/read-package-json
https://www.npmjs.com/package/read-package-json-fast
https://www.npmjs.com/package/read-package-tree
https://www.npmjs.com/package/registry
https://www.npmjs.com/package/require-inject
https://www.npmjs.com/package/rewrite-url-follower
https://www.npmjs.com/package/rimraf
https://www.npmjs.com/package/s3-time-stream
https://www.npmjs.com/package/semver
https://www.npmjs.com/package/seq-save
https://www.npmjs.com/package/slide
https://www.npmjs.com/package/ssri
https://www.npmjs.com/package/stringify-package
https://www.npmjs.com/package/tacks
https://www.npmjs.com/package/tap
https://www.npmjs.com/package/tar
https://www.npmjs.com/package/tarpit
https://www.npmjs.com/package/tink
https://www.npmjs.com/package/token-facilitator
https://www.npmjs.com/package/treeverse
https://www.npmjs.com/package/uid-number
https://www.npmjs.com/package/unique-filename
https://www.npmjs.com/package/unique-slug
https://www.npmjs.com/package/validate-npm-package-name
https://www.npmjs.com/package/which
https://www.npmjs.com/package/with-fixtures
https://www.npmjs.com/package/wrappy
https://www.npmjs.com/package/write-file-atomic
https://www.npmjs.com/patps://www.npmjs.com/package/require-inject
