file downloaded.
links extracted.
https://atom.io
https://desktop.github.com
https://developer.github.com/
https://github.blog
https://github.blog/
https://github.blog/2019-04-29-apache-joins-github-community/
https://github.blog/2019-05-10-introducing-github-package-registry/
https://github.blog/2019-05-14-git-ransom-campaign-incident-report/
https://github.blog/2019-05-23-announcing-github-sponsors-a-new-way-to-contribute-to-open-source/
https://github.blog/2019-06-03-github-package-registry-will-support-swift-packages/
https://github.blog/2019-06-11-hello-github-im-erica-brescia/
https://github.blog/2019-06-17-github-acquires-pull-panda/
https://github.blog/2019-07-23-july-22-incident-update/
https://github.blog/2019-10-09-github-and-us-government-developers/
https://github.blog/2020-05-14-reflecting-on-joining-github-and-whats-next-for-github-insights/
https://github.blog/author/clarkbw/
https://github.blog/author/devonzuegelgithub-com/
https://github.blog/author/ericabrescia/
https://github.blog/author/jasoncwarner/
https://github.blog/author/levindixon/
https://github.blog/author/nat/
https://github.blog/author/shankuniyogi/
https://github.blog/author/siminapasat/
https://github.blog/author/swannysec/
https://github.blog/category/community/
https://github.blog/category/community/education/
https://github.blog/category/community/events/
https://github.blog/category/community/insights/
https://github.blog/category/community/open-source/
https://github.blog/category/company/
https://github.blog/category/company/policy/
https://github.blog/category/company/updates/
https://github.blog/category/engineering/
https://github.blog/category/enterprise/
https://github.blog/category/enterprise/partners/
https://github.blog/category/product/
https://github.blog/category/product/client-apps/
https://github.blog/category/product/features/
https://github.blog/category/product/security/
https://github.blog/category/uncategorized/marketplace/
https://github.com/
https://github.com/about/careers
https://github.com/about/press
https://github.com/contact
https://github.com/customer-stories
https://github.com/enterprise
https://github.com/features
https://github.com/github
https://github.com/pricing
https://github.com/security
https://github.com/site/privacy
https://github.com/site/terms
https://github.community
https://help.github.com
https://resources.github.com
https://services.github.com
https://shop.github.com
https://status.github.com
https://twitter.com/github
https://www.facebook.com/GitHub
https://www.linkedin.com/company/github
https://www.youtube.com/github
