file downloaded.
links extracted.
https://blog.npmjs.org/post/188841555980/updates-to-community-docs-more
https://docs.npmjs.com
https://docs.npmjs.com/
https://github.com/npm/cli/issues
https://github.com/npm/feedback
https://github.com/npm/rfcs
https://github.com/npm/roadmap
https://npm.community/c/announcements/12
https://npm.community/categories
https://npm.community/t/these-forums-have-being-archived/10924/2
https://npm.github.io/statusboard/
https://npmjs.com/
https://status.npmjs.org/
https://www.discourse.org
https://www.npmjs.com/features
https://www.npmjs.com/npm/enterprise
https://www.npmjs.com/pricing
https://www.npmjs.com/support
