file downloaded.
links extracted.
https://atom.io
https://desktop.github.com
https://developer.github.com/
https://github.blog
https://github.blog/
https://github.blog/2020-10-09-release-radar-october-2020-edition/
https://github.blog/2020-10-11-top-ten-games-from-the-js13k-2020-competition/
https://github.blog/2020-10-14-how-we-open-sourced-docs-github-com/
https://github.blog/2020-10-19-git-2-29-released/
https://github.blog/2020-10-19-github-planeta-virtual-meetup/
https://github.blog/2020-10-22-vote-and-contribute-to-democracy-through-open-source/
https://github.blog/2020-10-27-github-game-off-2020/
https://github.blog/2020-10-29-github-action-hero-eyal-posener-and-go-action/
https://github.blog/2020-10-30-13-ghoulish-games-to-play-hack-and-slash-this-weekend/
https://github.blog/2020-11-01-github-game-off-2020-theme-announcement/
https://github.blog/author/divineops/
https://github.blog/author/leereilly/
https://github.blog/author/mishmanners/
https://github.blog/author/mlinksva/
https://github.blog/author/zeke/
https://github.blog/category/community/
https://github.blog/category/community/education/
https://github.blog/category/community/events/
https://github.blog/category/community/insights/
https://github.blog/category/community/open-source/
https://github.blog/category/company/
https://github.blog/category/company/policy/
https://github.blog/category/engineering/
https://github.blog/category/enterprise/
https://github.blog/category/product/
https://github.blog/category/product/client-apps/
https://github.blog/category/product/features/
https://github.blog/category/product/security/
https://github.blog/category/uncategorized/marketplace/
https://github.com/
https://github.com/about/careers
https://github.com/about/press
https://github.com/contact
https://github.com/customer-stories
https://github.com/enterprise
https://github.com/features
https://github.com/github
https://github.com/pricing
https://github.com/security
https://github.com/site/privacy
https://github.com/site/terms
https://github.community
https://help.github.com
https://resources.github.com
https://services.github.com
https://shop.github.com
https://status.github.com
https://twitter.com/github
https://www.facebook.com/GitHub
https://www.linkedin.com/company/github
https://www.youtube.com/github
