file downloaded.
links extracted.
https://docs.github.com
https://docs.github.com/articles/signing-commits-with-gpg/
https://docs.github.com/en/github/site-policy/github-subprocessors-and-cookies
https://docs.github.com/privacy
https://docs.github.com/terms
https://education.github.com
https://enterprise.github.com/contact
https://github.blog
https://github.com
https://github.com/
https://github.com/about
https://github.com/cli/cli/issues/1385
https://github.com/cli/cli/runs/1352071658
https://github.com/cli/cli/runs/1352071678
https://github.com/cli/cli/runs/1352071679
https://github.com/cli/cli/runs/1352071726
https://github.com/cli/cli/runs/1352071748
https://github.com/cli/cli/runs/1352071769
https://github.com/cli/cli/runs/1352071846
https://github.com/cli/cli/runs/1352071847
https://github.com/cli/cli/runs/1352071867
https://github.com/cli/cli/runs/1352071885
https://github.com/contact
https://github.com/events
https://github.com/pricing
https://github.com/security
https://github.com/site/terms
https://github.community
https://githubstatus.com/
https://lab.github.com/
https://opensource.guide
https://services.github.com
https://stars.github.com
