file downloaded.
links extracted.
https://beta.companieshouse.gov.uk/company/11834461
https://chayn.co/
https://chayn.co/about/
https://chayn.co/impact/
https://chayn.co/join/
https://chayn.co/privacy/
https://chayn.co/projects/
https://chayn.co/tools/
https://chayn.gitbook.io/diy-online-safety/
https://chayn.gitbooks.io/advanced-diy-privacy-for-every-woman/content/
https://github.com/chaynHQ
https://github.com/sponsors/chaynHQ/
https://instagram.com/chaynhq/
https://medium.com/hack-for-chayn
https://soundcloud.com/chayn-hq
https://www.facebook.com/chayn
https://www.linkedin.com/company/chayn
https://www.paypal.me/chaynhq
https://www.wired.it/internet/web/2017/04/07/guida-di-autodifesa-digitale-contro-stalking-e-revenge-porn/
