file downloaded.
links extracted.
https://atom.io
https://desktop.github.com
https://developer.github.com/
https://docs.google.com/forms/d/e/1FAIpQLSc7GWLAszbG5KPAg_zRVyfuunWL7msJ9kwE86PrCvHOvIY0sQ/viewform
https://github.blog
https://github.blog/
https://github.blog/2020-10-21-hacktoberfest-e-github-presente-celebrando-comunidades-open-source-em-outubro/
https://github.blog/2020-10-27-github-game-off-2020/
https://github.blog/2020-11-01-github-game-off-2020-theme-announcement/
https://github.blog/author/leereilly/
https://github.blog/author/talktopri/
https://github.blog/author/toyae/
https://github.blog/category/community/
https://github.blog/category/community/education/
https://github.blog/category/community/events/
https://github.blog/category/community/insights/
https://github.blog/category/community/open-source/
https://github.blog/category/company/
https://github.blog/category/engineering/
https://github.blog/category/enterprise/
https://github.blog/category/product/
https://github.blog/category/product/client-apps/
https://github.blog/category/product/features/
https://github.blog/category/product/security/
https://github.com/
https://github.com/about
https://github.com/about/press
https://github.com/contact
https://github.com/customer-stories
https://github.com/enterprise
https://github.com/features
https://github.com/github
https://github.com/pricing
https://github.com/security
https://github.com/site/privacy
https://github.com/site/terms
https://github.community
https://help.github.com
https://resources.github.com
https://services.github.com
https://shop.github.com
https://status.github.com
https://twitter.com/github
https://twitter.com/share
https://www.facebook.com/GitHub
https://www.facebook.com/sharer/sharer.php
https://www.linkedin.com/company/github
https://www.linkedin.com/shareArticle
https://www.youtube.com/github
