file downloaded.
links extracted.
https://chayn.co/how-to-build-your-own-case/
https://chayn.co/impact/
https://chayn.co/join
https://chayn.co/safety/
https://docs.github.com
https://docs.github.com/articles/sponsoring-an-open-source-contributor
https://docs.github.com/en/free-pro-team@latest/github/site-policy/github-privacy-statement
https://docs.github.com/en/github/site-policy/github-subprocessors-and-cookies
https://education.github.com
https://enterprise.github.com/contact
https://github.blog
https://github.com
https://github.com/
https://github.com/about
https://github.com/contact
https://github.com/events
https://github.com/pricing
https://github.com/security
https://github.com/site/privacy
https://github.com/site/terms
https://github.community
https://githubstatus.com/
https://lab.github.com/
https://medium.com/hack-for-chayn/running-a-fluid-and-democratic-volunteer-run-organisation-3538e12c699e
https://medium.com/hack-for-chayn/were-trying-something-new-say-hello-to-little-window-our-chatbot-36a65ac44fda
https://opensource.guide
https://services.github.com
https://soulmedicine.io/
https://stars.github.com
https://twitter.com/ChaynHQ
https://www.facebook.com/chayn/
https://www.gettingbetter.chayn.co/
https://www.instagram.com/chaynhq/
