file downloaded.
links extracted.
https://1mgames.itch.io
https://1mgames.itch.io/bbbounddd
https://aceburton.itch.io
https://aceburton.itch.io/rainbow-leap
https://adawsonjc.itch.io
https://adawsonjc.itch.io/leaps-and-bounds
https://agoutigames.itch.io
https://agoutigames.itch.io/plantower
https://aguynamedtate.itch.io
https://aguynamedtate.itch.io/hopper-a-kangaroo-quest
https://alexbljack.itch.io
https://alexbljack.itch.io/just-dont-fall
https://alovez.itch.io
https://alovez.itch.io/leep-bycycle
https://amblacksheep.itch.io
https://amblacksheep.itch.io/lob
https://amirrajan.itch.io
https://amirrajan.itch.io/the-little-probe
https://anakrusis.itch.io
https://anakrusis.itch.io/space-game-2
https://anisio.itch.io
https://anisio.itch.io/infinity-spectre
https://anttihaavikko.itch.io
https://anttihaavikko.itch.io/cannonball-engineers
https://arrhur.itch.io
https://arrhur.itch.io/farm
https://aubade16.itch.io
https://aubade16.itch.io/tetrisquest
https://b-g-studio.itch.io
https://b-g-studio.itch.io/pajak-the-spider
https://baturinsky.itch.io
https://baturinsky.itch.io/boundless-city
https://bencelaszlo.itch.io
https://bencelaszlo.itch.io/bitter-boundaries
https://bennyville.itch.io
https://bennyville.itch.io/game-off-2019
https://bertola.itch.io
https://bertola.itch.io/traffic-light-guard
https://bethfromabove.itch.io
https://bethfromabove.itch.io/relatively-special-deliveries
https://bluzix.itch.io
https://bluzix.itch.io/un-bee-leap-able-bee-flat
https://bosschamber.itch.io
https://bosschamber.itch.io/ggo-worm
https://boxedmeatrevolution.itch.io
https://boxedmeatrevolution.itch.io/aurora-blades
https://brazmogu.itch.io
https://brazmogu.itch.io/uptower
https://brokenbuttonstudios.itch.io
https://brokenbuttonstudios.itch.io/cyberfault
https://captainstack.itch.io
https://captainstack.itch.io/fly-or-die
https://cassiomolina.itch.io
https://cassiomolina.itch.io/cidade-da-galinha
https://catz1301.itch.io
https://catz1301.itch.io/the-yeeter
https://chippmann.itch.io
https://chippmann.itch.io/planty
https://christopherbot.itch.io
https://christopherbot.itch.io/kernel-space-program
https://cisteto-senestro.itch.io
https://cisteto-senestro.itch.io/riftbound
https://clockupstudio.itch.io
https://clockupstudio.itch.io/brides-mate-forever
https://connorwin.itch.io
https://connorwin.itch.io/sales-knave
https://corbenstudio.itch.io
https://corbenstudio.itch.io/game-off-2019
https://crazysynthesizer.itch.io
https://crazysynthesizer.itch.io/shotandup
https://dap2011.itch.io
https://dap2011.itch.io/bob-the-wiz
https://davidwesst.itch.io
https://davidwesst.itch.io/leaps-and-bounds
https://daydreamstudio.itch.io
https://daydreamstudio.itch.io/a-cubes-adventure
https://deckman716.itch.io
https://deckman716.itch.io/impossadragoon
https://dgeisert.itch.io
https://dgeisert.itch.io/git-gud
https://djalilhebal.itch.io
https://djalilhebal.itch.io/s-gress
https://djknitex.itch.io
https://djknitex.itch.io/homeward-bound
https://doomium-chloride.itch.io
https://doomium-chloride.itch.io/space-danmaku-gameoff
https://dracobk201.itch.io
https://dracobk201.itch.io/erratic-jumper
https://dracool2006.itch.io
https://dracool2006.itch.io/totally-accurate-business-simulator
https://drakesgames.itch.io
https://drakesgames.itch.io/transilio
https://drcarlluo.itch.io
https://drcarlluo.itch.io/time-space-leaper
https://dzejkop.itch.io
https://dzejkop.itch.io/the-adventures-of-hyper-snake-trapped-in-the-bounds-of-space
https://elennick.itch.io
https://elennick.itch.io/bks-super-onewheel-adventure
https://elghinn.itch.io
https://elghinn.itch.io/lava-tower
https://emofield.itch.io
https://emofield.itch.io/parccoun
https://enigmadragons.itch.io
https://enigmadragons.itch.io/bitvault
https://ethans-byproducts.itch.io
https://ethans-byproducts.itch.io/latex-man
https://ewenedmunds.itch.io
https://ewenedmunds.itch.io/jungle-jump
https://fabiolamin.itch.io
https://fabiolamin.itch.io/bit-defender
https://fangoh.itch.io
https://fangoh.itch.io/dont-steal-my-cakes
https://fedorgames.itch.io
https://fedorgames.itch.io/ggoff2019
https://flamingsparrow.itch.io
https://flamingsparrow.itch.io/frameperfect
https://fluentlystudios.itch.io
https://fluentlystudios.itch.io/leap-and-bound
https://franklai2002.itch.io
https://franklai2002.itch.io/frictionless
https://freaky-games-ent.itch.io
https://freaky-games-ent.itch.io/mad-bounds
https://funkyzooink.itch.io
https://funkyzooink.itch.io/4-friends
https://gabriel-henrique-teles-sa.itch.io
https://gabriel-henrique-teles-sa.itch.io/canondemo
https://galbenshire.itch.io
https://galbenshire.itch.io/rebounds
https://gamelaststudio.itch.io
https://gamelaststudio.itch.io/theuselessthing
https://gcoro.itch.io
https://gcoro.itch.io/pastfuture
https://gdex19.itch.io
https://gdex19.itch.io/leaps-and-bounds-the-marathon
https://github.itch.io
https://gmpguy.itch.io
https://gmpguy.itch.io/swift-survivors
https://green-cheese-games.itch.io
https://green-cheese-games.itch.io/pushing-boundaries
https://greggolas.itch.io
https://greggolas.itch.io/space-bounder
https://gude.itch.io
https://gude.itch.io/bound-to-happen
https://guidb.itch.io
https://guidb.itch.io/block-n-run
https://guiprada.itch.io
https://guiprada.itch.io/esverdeje
https://guiprada.itch.io/jan-ken-fall
https://hemetgo.itch.io
https://hemetgo.itch.io/run-mr-hamster
https://hernz.itch.io
https://hernz.itch.io/warden-of-the-isles
https://iamdrw.itch.io
https://iamdrw.itch.io/the-adventures-of-leep-and-bownd
https://ian-antking.itch.io
https://ian-antking.itch.io/leap-bound
https://im-a-good-boye.itch.io
https://im-a-good-boye.itch.io/blawk
https://introspection-games.itch.io
https://introspection-games.itch.io/leaps-and-bounds
https://jack6886.itch.io
https://jack6886.itch.io/jumper
https://jackson-math.itch.io
https://jackson-math.itch.io/chao-lava
https://jacob-blosser.itch.io
https://jacob-blosser.itch.io/presidentialsmackdown
https://jakewumbo.itch.io
https://jakewumbo.itch.io/no-game-here
https://jbassett4079.itch.io
https://jbassett4079.itch.io/jumper
https://jcontry.itch.io
https://jcontry.itch.io/faithful-friend
https://jeremytsang.itch.io
https://jeremytsang.itch.io/orbit-hunt
https://jesusmarquez.itch.io
https://jesusmarquez.itch.io/countdown
https://jnmaloney.itch.io
https://jnmaloney.itch.io/leapy-frog
https://joaopenna.itch.io
https://joaopenna.itch.io/apocalipz
https://jontopielski.itch.io
https://jontopielski.itch.io/hops-and-harmony
https://jota2550.itch.io
https://jota2550.itch.io/bounds-of-reality
https://kakoeimon.itch.io/year-3044
https://kamevros.itch.io
https://kamevros.itch.io/around-a-campfire
https://kapa.itch.io
https://kapa.itch.io/the-shifting-tomb
https://katielg.itch.io/the-hair-quest
https://kawgaming.itch.io
https://kawgaming.itch.io/bounds-and-leaps
https://keskidev.itch.io
https://keskidev.itch.io/adventures-of-pogo-boxen
https://kimbsy.itch.io
https://kimbsy.itch.io/professor-fantastico
https://kit9studio.itch.io
https://kit9studio.itch.io/all-i-wanted-was-a-bouncy-ball
https://komejisatori.itch.io/ajourneytogameoff
https://kyonru.itch.io
https://kyonru.itch.io/leap-or-die
https://l3v3l.itch.io
https://l3v3l.itch.io/salto
https://leereilly.itch.io
https://lemonyfresh.itch.io
https://lemonyfresh.itch.io/quad-lateral
https://lems.itch.io
https://lems.itch.io/viral-hop
https://lenwood.itch.io
https://lenwood.itch.io/bubble-harrier
https://leo-li.itch.io
https://leo-li.itch.io/slipi
https://lincolnsch99.itch.io
https://lincolnsch99.itch.io/pixel-blaster-arena
https://lnos.itch.io
https://lnos.itch.io/lower-bound
https://loeck-treure.itch.io
https://loeck-treure.itch.io/techno-jammers
https://logosludos.itch.io
https://logosludos.itch.io/reaction
https://lolerji.itch.io
https://lolerji.itch.io/temple-fox
https://loothunter.itch.io
https://loothunter.itch.io/push-away-the-dark
https://loss-fn.itch.io
https://loss-fn.itch.io/adsorb
https://lounge-dev-knights.itch.io
https://lounge-dev-knights.itch.io/quackquest
https://lower-third.itch.io
https://lower-third.itch.io/delabor
https://lowsun.itch.io
https://lowsun.itch.io/dodge-dungeon
https://luan-santos.itch.io
https://luan-santos.itch.io/rda
https://luna-rainfall.itch.io
https://luna-rainfall.itch.io/nyn
https://maanooak.itch.io
https://maanooak.itch.io/leabound
https://magewang.itch.io
https://magewang.itch.io/flyhigh
https://magn.itch.io
https://magn.itch.io/moon
https://manicmoleman.itch.io
https://manicmoleman.itch.io/itsy-bitsy-spyder
https://manurgamedev.itch.io
https://manurgamedev.itch.io/get-together
https://manus.itch.io
https://manus.itch.io/leapoundary
https://mariothedog.itch.io
https://mariothedog.itch.io/leap-and-sweep
https://marsandjupiter.itch.io
https://marsandjupiter.itch.io/a-leap-through-time
https://maximegammaitoni.itch.io
https://maximegammaitoni.itch.io/retrochase
https://messiasvitor.itch.io
https://messiasvitor.itch.io/game-off-2019
https://metalmario971.itch.io
https://metalmario971.itch.io/rocket-jump
https://mevlana.itch.io
https://mevlana.itch.io/light-n-nights
https://midisaurus.itch.io
https://midisaurus.itch.io/pyokomon
https://minibobbo.itch.io
https://minibobbo.itch.io/ninja-training-simulator
https://mreliptik.itch.io
https://mreliptik.itch.io/flamer
https://mszezeb.itch.io
https://mszezeb.itch.io/islandrift
https://muyinz.itch.io
https://muyinz.itch.io/crazy-bounce-ball
https://nalleyer.itch.io
https://nalleyer.itch.io/darkforest
https://narkhos.itch.io
https://narkhos.itch.io/demethylator
https://nathbo.itch.io
https://nathbo.itch.io/bouncy-adventure
https://nayan19.itch.io
https://nayan19.itch.io/spacepuzzles
https://neotokyo.itch.io
https://neotokyo.itch.io/through-the-ages
https://nickykendy.itch.io
https://nickykendy.itch.io/gameoff2019-paper-house
https://nycelly.itch.io
https://nycelly.itch.io/gun-runner
https://onarateam.itch.io
https://onarateam.itch.io/upscaled
https://onnion.itch.io
https://onnion.itch.io/samadditional
https://onurbbgm.itch.io
https://onurbbgm.itch.io/leap-ninja
https://pandaqi.itch.io
https://pandaqi.itch.io/into-my-arms
https://paranormal09.itch.io
https://paranormal09.itch.io/darktremors
https://parsafari.itch.io
https://parsafari.itch.io/pittance
https://peterdn.itch.io
https://peterdn.itch.io/get-dem-nuts
https://phwebi.itch.io
https://phwebi.itch.io/penguin-petes-loop-n-scoop
https://pilotinpyjamas.itch.io
https://pilotinpyjamas.itch.io/cows
https://pixelherodev.itch.io
https://pixelherodev.itch.io/indomitable
https://pk-games.itch.io
https://pk-games.itch.io/klexos
https://polyphonic.itch.io
https://polyphonic.itch.io/oh-f
https://popsloth.itch.io
https://popsloth.itch.io/leaping-with-boundaries
https://puppetmaster.itch.io
https://puppetmaster.itch.io/compact-space
https://puregem.itch.io
https://puregem.itch.io/notquiteblackandwhite
https://pxlgamedev.itch.io
https://pxlgamedev.itch.io/punk-robot
https://quiji.itch.io
https://quiji.itch.io/the-masked-man
https://r-ven.itch.io
https://r-ven.itch.io/rgo19
https://ran-dreille.itch.io
https://ran-dreille.itch.io/leaping-shmup
https://rancidbacon.itch.io/bleeps-and-bounds
https://regakakobigman.itch.io
https://regakakobigman.itch.io/leaps-and-bounds
https://rennan24.itch.io
https://rennan24.itch.io/game-off-2019
https://ronnie-sallan.itch.io
https://ronnie-sallan.itch.io/bounce
https://saadi-saadi.itch.io
https://saadi-saadi.itch.io/leap-between-ages
https://sam-laos.itch.io
https://sam-laos.itch.io/time-solver
https://sami016.itch.io
https://sami016.itch.io/enter-the-void
https://securas.itch.io
https://securas.itch.io/sealedbite
https://seniorelpoop.itch.io
https://seniorelpoop.itch.io/the-wrath-of-gormides
https://serpent7776.itch.io
https://serpent7776.itch.io/jump-jump
https://sharpfives.itch.io
https://sharpfives.itch.io/gems
https://shoefishergames.itch.io
https://shoefishergames.itch.io/sumo-leap
https://skrolikowski.itch.io
https://skrolikowski.itch.io/priests-vs-monsters
https://slavs-make-games.itch.io
https://slavs-make-games.itch.io/flatman-2d
https://sowmenrahman.itch.io
https://sowmenrahman.itch.io/the-bombin-baddies
https://sparringwithframes.itch.io
https://sparringwithframes.itch.io/mind-the-chain
https://spellmender.itch.io/gravity-maze
https://stackshub.itch.io
https://stackshub.itch.io/balls
https://stackshub.itch.io/stacks2
https://stivens.itch.io
https://stivens.itch.io/the-enhancer
https://swalrus.itch.io
https://swalrus.itch.io/bordered
https://swashvirus.itch.io
https://swashvirus.itch.io/freefall
https://swefnox.itch.io
https://swefnox.itch.io/dungeonbound
https://syldarion.itch.io
https://syldarion.itch.io/bounded
https://synvinkel.itch.io
https://synvinkel.itch.io/dashderoids
https://teamon.itch.io
https://teamon.itch.io/hoverboard
https://teh-pwnerer.itch.io
https://teh-pwnerer.itch.io/leaps-and-bounds-the-game
https://tfaris.itch.io
https://tfaris.itch.io/star-skip
https://thai-duong.itch.io
https://thai-duong.itch.io/potato-hop
https://the-pixelated-eclipse.itch.io
https://the-pixelated-eclipse.itch.io/escape
https://thecrafters001.itch.io
https://thecrafters001.itch.io/the-leap-of-faith-but-bounded-by-destiny
https://theelderbloodfire.itch.io
https://theelderbloodfire.itch.io/bounce-at-the-border
https://thesage1014.itch.io
https://thesage1014.itch.io/untitled-ambient-exploration-game-hh
https://thesoulgrinder.itch.io
https://thesoulgrinder.itch.io/mystic-skies
https://thewholeratio.itch.io
https://thewholeratio.itch.io/island-hopping
https://tokenyoutube.itch.io
https://tokenyoutube.itch.io/speed-man-for
https://triadium.itch.io
https://triadium.itch.io/mdhd
https://tripletapgames.itch.io
https://tripletapgames.itch.io/the-unknown
https://turtlepanda.itch.io
https://turtlepanda.itch.io/lily-lander
https://turupawn.itch.io
https://turupawn.itch.io/ground-mosh
https://twitter.com/hashtag/GitHubGameOff
https://twobitadder.itch.io
https://twobitadder.itch.io/pyrrhus
https://uso.itch.io
https://uso.itch.io/stars-pike-and-jump
https://vacxela.itch.io
https://vacxela.itch.io/half-risen
https://vaselak.itch.io
https://vaselak.itch.io/cj-the-guardian
https://vector-wolf.itch.io
https://vector-wolf.itch.io/calaveras
https://vitorluiz19.itch.io
https://vitorluiz19.itch.io/c
https://vmikhav.itch.io
https://vmikhav.itch.io/keep-your-sheep
https://voltaia.itch.io
https://voltaia.itch.io/leap-theory
https://wasdom.itch.io
https://wasdom.itch.io/daniel-d-dashing
https://wgdc.itch.io
https://wgdc.itch.io/goat-jump
https://wilds.itch.io
https://wilds.itch.io/whack-a-monster
https://wineblume.itch.io
https://wineblume.itch.io/game-off-poo
https://winterbeak.itch.io
https://winterbeak.itch.io/noneuclilypads
https://wishwake.itch.io
https://wishwake.itch.io/cubeh
https://wobbumash.itch.io
https://wobbumash.itch.io/wired
https://wtmk-bk.itch.io
https://wtmk-bk.itch.io/take-2
https://yamgent.itch.io
https://yamgent.itch.io/frog-game
https://yelsaadany.itch.io
https://yelsaadany.itch.io/leapy
https://youngneer.itch.io
https://youngneer.itch.io/leaps-n-flips
https://yunglads25.itch.io
https://yunglads25.itch.io/holey-rollers
https://zeroji.itch.io
https://zeroji.itch.io/colorbound
https://zzox.itch.io
https://zzox.itch.io/dark
