file downloaded.
links extracted.
https://bugs.launchpad.net/snapcraft
https://bugs.launchpad.net/snapd
https://dashboard.snapcraft.io/
https://forum.snapcraft.io/
https://forum.snapcraft.io/t/installing-snapd/6735
https://getsol.us/home/
https://github.com/canonical-web-and-design/snapcraft.io/issues
https://manjaro.org/
https://neon.kde.org/
https://releases.ubuntu.com/20.04/
https://status.snapcraft.io/
https://twitter.com/snapcraftio
https://ubuntu.com/legal/terms-and-policies/snap-store-terms
https://wiki.ubuntu.com/DerivativeTeam/Derivatives
https://www.facebook.com/snapcraftio
https://www.ubuntu.com/
https://www.ubuntu.com/desktop/features
https://www.ubuntu.com/kubernetes
https://www.ubuntu.com/legal/data-privacy
https://www.youtube.com/snapcraftio
https://zorinos.com/
