file downloaded.
links extracted.
https://blog.npmjs.org/post/628713415975829504/release-v700-beta10
https://blog.npmjs.org/post/629438943993200641/release-v700-beta11
https://blog.npmjs.org/post/629987243893899264/release-v700-beta12
https://blog.npmjs.org/post/630626899467583488/release-v700-beta13
https://blog.npmjs.org/post/630786103662821376/release-v700-rc0
https://blog.npmjs.org/post/631262277830574080/release-v700-rc3
https://blog.npmjs.org/post/631877012766785536/release-v700
https://blog.npmjs.org/post/632522213803933696/release-v703
https://blog.npmjs.org/post/633157293589004288/release-v706
https://blog.npmjs.org/post/634067895980294144/release-v709
https://blog.npmjs.org/rss
https://blog.npmjs.org/tagged/3in1
https://blog.npmjs.org/tagged/beta
https://blog.npmjs.org/tagged/cli
https://blog.npmjs.org/tagged/document-all-the-things
https://blog.npmjs.org/tagged/javascript
https://blog.npmjs.org/tagged/major
https://blog.npmjs.org/tagged/node
https://blog.npmjs.org/tagged/nodejs
https://blog.npmjs.org/tagged/npm
https://blog.npmjs.org/tagged/npm7
https://blog.npmjs.org/tagged/npmjs
https://blog.npmjs.org/tagged/prerelease
https://blog.npmjs.org/tagged/release
https://blog.npmjs.org/tagged/three-in-one
https://blog.ruyadorno.com/
https://github.com/npm/cli/issues
https://izs.tumblr.com/
https://npm-darcy.tumblr.com/
https://npm-nlf.tumblr.com/
https://npm.community
https://t.umblr.com/redirect
https://www.npmjs.com
https://www.tumblr.com/reblog/628713415975829504/ifwgM7wz
https://www.tumblr.com/reblog/629438943993200641/xtEP0AmN
https://www.tumblr.com/reblog/629987243893899264/101MM7YD
https://www.tumblr.com/reblog/630626899467583488/hGaGjUPc
https://www.tumblr.com/reblog/631262277830574080/C2YoeWJH
https://www.tumblr.com/reblog/631877012766785536/tUNktc70
https://www.tumblr.com/reblog/632522213803933696/wogrfHeN
https://www.tumblr.com/reblog/633157293589004288/7lHRjSSn
