file downloaded.
links extracted.
https://brew.sh
https://chocolatey.org
https://cli.github.com
https://cli.github.com/manual/
https://desktop.github.com
https://desktop.github.com/
https://developer.apple.com/xcode/
https://docs.github.com
https://docs.github.com/articles/which-remote-url-should-i-use
https://docs.github.com/en/free-pro-team@latest/github/site-policy/github-privacy-statement
https://docs.github.com/en/github/site-policy/github-subprocessors-and-cookies
https://education.github.com
https://github.blog
https://github.com
https://github.com/
https://github.com/about
https://github.com/cli/cli/pull/2113
https://github.com/cli/cli/pull/2257
https://github.com/cli/cli/pull/2272
https://github.com/cli/cli/pull/2276
https://github.com/cli/cli/releases/latest
https://github.com/contact
https://github.com/events
https://github.com/github/hub
https://github.com/microsoft/winget-cli
https://github.com/pricing
https://github.com/site/privacy
https://github.com/site/terms
https://github.community
https://githubstatus.com/
https://lab.github.com/
https://opensource.guide
https://scoop.sh
https://services.github.com
https://stars.github.com
https://user-images.githubusercontent.com/98482/84171218-327e7a80-aa40-11ea-8cd1-5177fc2d0e72.png
https://visualstudio.github.com/
https://www.macports.org
