file downloaded.
links extracted.
https://atom.io
https://desktop.github.com
https://developer.github.com/
https://github.blog
https://github.blog/
https://github.blog/2020-07-27-highlights-from-git-2-28/
https://github.blog/2020-08-04-codegen-semantics-improved-language-support-system/
https://github.blog/2020-08-05-github-availability-report-july-2020/
https://github.blog/2020-08-13-why-write-adrs/
https://github.blog/2020-08-18-introducing-the-rally-github-integration/
https://github.blog/2020-08-25-upgrading-github-to-ruby-2-7/
https://github.blog/2020-09-02-github-availability-report-august-2020/
https://github.blog/2020-10-09-devops-cloud-testing/
https://github.blog/2020-10-15-how-to-get-your-organization-started-with-containerized-deployments/
https://github.blog/2020-10-29-building-github-introduction/
https://github.blog/2020-10-29-getting-started-with-devops-automation/
https://github.blog/2020-10-29-making-github-ci-workflow-3x-faster/
https://github.blog/author/aymannadeem/
https://github.blog/author/eileencodes/
https://github.blog/author/eliperkins/
https://github.blog/author/katestud/
https://github.blog/author/keerthanakumar/
https://github.blog/author/keithballinger/
https://github.blog/author/primetheus/
https://github.blog/author/skhalife/
https://github.blog/author/ttaylorr/
https://github.blog/category/community/
https://github.blog/category/community/education/
https://github.blog/category/community/events/
https://github.blog/category/community/insights/
https://github.blog/category/community/open-source/
https://github.blog/category/company/
https://github.blog/category/engineering/
https://github.blog/category/engineering/page/2/
https://github.blog/category/enterprise/
https://github.blog/category/product/
https://github.blog/category/product/client-apps/
https://github.blog/category/product/features/
https://github.blog/category/product/security/
https://github.com/
https://github.com/about
https://github.com/about/careers
https://github.com/about/press
https://github.com/contact
https://github.com/customer-stories
https://github.com/enterprise
https://github.com/features
https://github.com/github
https://github.com/security
https://github.com/site/privacy
https://github.com/site/terms
https://github.community
https://help.github.com
https://resources.github.com
https://services.github.com
https://shop.github.com
https://status.github.com
https://twitter.com/github
https://www.facebook.com/GitHub
https://www.linkedin.com/company/github
https://www.youtube.com/github
