file downloaded.
links extracted.
https://atom.io/docs
https://desktop.github.com/
https://developer.github.com/
https://electronjs.org/docs
https://enterprise.github.com/login
https://enterprise.github.com/support
https://github.blog/
https://github.com/
https://github.com/about
https://github.com/about/careers
https://github.com/about/press
https://github.com/case-studies
https://github.com/enterprise
https://github.com/features
https://github.com/github
https://github.com/pricing
https://github.com/security
https://github.community
https://resources.github.com
https://services.github.com/
https://shop.github.com
https://support.github.com/contact
https://twitter.com/github
https://www.facebook.com/GitHub
https://www.linkedin.com/company/github
https://www.youtube.com/github
