file downloaded.
links extracted.
https://atom.io
https://classroom.github.com/
https://desktop.github.com/
https://docs.github.com
https://docs.github.com/en/developers/overview/about-githubs-apis
https://github.blog
https://github.com
https://github.com/about
https://github.com/about/careers
https://github.com/contact
https://github.com/enterprise
https://github.com/features
https://github.com/github
https://github.com/pricing
https://github.com/security
https://github.com/site/privacy
https://github.com/site/terms
https://github.community
https://githubstatus.com/
https://lab.github.com/
https://resources.github.com
https://services.github.com/
https://shop.github.com
https://socialimpact.github.com/
https://support.github.com
https://twitter.com/github
https://www.facebook.com/GitHub
https://www.linkedin.com/company/github
https://www.youtube.com/github
