file downloaded.
links extracted.
https://atom.io
https://desktop.github.com
https://developer.github.com/
https://github.blog
https://github.blog/
https://github.blog/2020-02-20-2019-transparency-report/
https://github.blog/2020-03-05-five-reasons-why-organizations-should-invest-in-open-source/
https://github.blog/2020-03-11-why-organizations-should-commit-to-innersource-in-2020/
https://github.blog/2020-03-22-github-action-hero-shohei-ueda/
https://github.blog/2020-04-22-github-actions-community-momentum-enterprise-capabilities-and-developer-improvements/
https://github.blog/2020-04-23-github-protips-tips-tricks-hacks-and-secrets-from-alyson-la/
https://github.blog/2020-04-28-how-to-build-an-effective-devsecops-culture/
https://github.blog/2020-05-06-octoverse-spotlight-an-analysis-of-developer-productivity-work-cadence-and-collaboration-in-the-early-days-of-covid-19/
https://github.blog/2020-08-26-adacats-mentorship-program/
https://github.blog/2020-08-30-github-action-hero-eddie-jaoude/
https://github.blog/author/alysonla/
https://github.blog/author/bdougie/
https://github.blog/author/eanderson/
https://github.blog/author/jeremyepling/
https://github.blog/author/mishmanners/
https://github.blog/author/mms710/
https://github.blog/author/nicolefv/
https://github.blog/author/vollmera/
https://github.blog/category/community/
https://github.blog/category/community/education/
https://github.blog/category/community/events/
https://github.blog/category/community/insights/
https://github.blog/category/community/insights/page/2/
https://github.blog/category/community/open-source/
https://github.blog/category/company/
https://github.blog/category/company/policy/
https://github.blog/category/engineering/
https://github.blog/category/enterprise/
https://github.blog/category/product/
https://github.blog/category/product/client-apps/
https://github.blog/category/product/features/
https://github.blog/category/product/security/
https://github.blog/category/uncategorized/marketplace/
https://github.com/
https://github.com/about
https://github.com/about/careers
https://github.com/about/press
https://github.com/contact
https://github.com/customer-stories
https://github.com/enterprise
https://github.com/features
https://github.com/github
https://github.com/pricing
https://github.com/security
https://github.com/site/privacy
https://github.com/site/terms
https://github.community
https://help.github.com
https://resources.github.com
https://services.github.com
https://twitter.com/github
https://www.facebook.com/GitHub
https://www.linkedin.com/company/github
https://www.youtube.com/github
