file downloaded.
links extracted.
https://atom.io
https://desktop.github.com
https://developer.github.com/
https://github.blog
https://github.blog/
https://github.blog/2017-03-21-work-life-balance-in-employee-intellectual-property-agreements/
https://github.blog/2017-07-12-join-github-in-support-of-the-open-internet-again/
https://github.blog/2018-02-27-one-more-vote-for-net-neutrality-and-beyond/
https://github.blog/2018-04-23-net-neutrality-update/
https://github.blog/2018-11-07-github-joins-gpl-cooperation-commitment/
https://github.blog/2020-07-02-github-supports-the-open-technology-fund/
https://github.blog/2020-09-01-ready-to-vote-in-the-u-s-2020-elections/
https://github.blog/2020-10-15-standing-by-developers-through-google-v-oracle/
https://github.blog/2020-10-22-vote-and-contribute-to-democracy-through-open-source/
https://github.blog/2020-11-02-commit-your-vote-on-election-day/
https://github.blog/author/mlinksva/
https://github.blog/category/community/
https://github.blog/category/community/education/
https://github.blog/category/community/events/
https://github.blog/category/community/insights/
https://github.blog/category/community/open-source/
https://github.blog/category/company/
https://github.blog/category/company/policy/
https://github.blog/category/engineering/
https://github.blog/category/enterprise/
https://github.blog/category/product/
https://github.blog/category/product/client-apps/
https://github.blog/category/product/features/
https://github.blog/category/product/security/
https://github.com/
https://github.com/about
https://github.com/about/careers
https://github.com/about/press
https://github.com/contact
https://github.com/customer-stories
https://github.com/enterprise
https://github.com/features
https://github.com/github
https://github.com/mlinksva
https://github.com/pricing
https://github.com/security
https://github.com/site/privacy
https://github.com/site/terms
https://github.community
https://help.github.com
https://resources.github.com
https://services.github.com
https://shop.github.com
https://status.github.com
https://twitter.com/github
https://www.facebook.com/GitHub
https://www.linkedin.com/company/github
https://www.youtube.com/github
