file downloaded.
links extracted.
https://atom.io
https://desktop.github.com
https://developer.github.com/
https://github.blog
https://github.blog/
https://github.blog/2019-10-30-13-spooktacular-games-to-play-hack-and-slash-this-halloween/
https://github.blog/2019-11-01-game-off-2019-theme-announcement/
https://github.blog/2020-01-14-game-off-2019-winners/
https://github.blog/2020-04-09-github-protips-tips-tricks-hacks-and-secrets-from-lee-reilly/
https://github.blog/2020-05-15-ludum-dare-46-staff-picks/
https://github.blog/2020-08-06-gmtk-game-jam-2020-staff-picks-open-source-games/
https://github.blog/2020-10-11-top-ten-games-from-the-js13k-2020-competition/
https://github.blog/2020-10-27-github-game-off-2020/
https://github.blog/2020-10-30-13-ghoulish-games-to-play-hack-and-slash-this-weekend/
https://github.blog/2020-11-01-github-game-off-2020-theme-announcement/
https://github.blog/author/leereilly/
https://github.blog/author/leereilly/page/2/
https://github.blog/author/leereilly/page/9/
https://github.blog/category/community/
https://github.blog/category/community/education/
https://github.blog/category/community/events/
https://github.blog/category/community/insights/
https://github.blog/category/community/open-source/
https://github.blog/category/company/
https://github.blog/category/engineering/
https://github.blog/category/enterprise/
https://github.blog/category/product/
https://github.blog/category/product/client-apps/
https://github.blog/category/product/features/
https://github.blog/category/product/security/
https://github.com/
https://github.com/about
https://github.com/about/careers
https://github.com/about/press
https://github.com/contact
https://github.com/customer-stories
https://github.com/enterprise
https://github.com/features
https://github.com/github
https://github.com/leereilly
https://github.com/pricing
https://github.com/security
https://github.com/site/privacy
https://github.com/site/terms
https://github.community
https://help.github.com
https://resources.github.com
https://services.github.com
https://shop.github.com
https://status.github.com
https://twitter.com/github
https://www.facebook.com/GitHub
https://www.youtube.com/github
