file downloaded.
links extracted.
https://atom.io
https://desktop.github.com
https://developer.github.com/
https://github.blog
https://github.blog/
https://github.blog/2020-07-10-github-action-hero-jeremy-shore/
https://github.blog/2020-07-17-github-action-hero-nikita-sobolev/
https://github.blog/2020-07-24-github-action-hero-samson-amaugo/
https://github.blog/2020-07-31-github-action-hero-swechhya-bista/
https://github.blog/2020-08-07-github-action-hero-daniel-dennis/
https://github.blog/2020-08-21-github-action-hero-keirron-stach/
https://github.blog/2020-08-30-github-action-hero-eddie-jaoude/
https://github.blog/2020-09-25-github-action-hero-james-ives-and-github-pages-deploy/
https://github.blog/2020-10-04-github-action-hero-shivam-mathur-and-setup-php/
https://github.blog/2020-10-29-github-action-hero-eyal-posener-and-go-action/
https://github.blog/author/mishmanners/
https://github.blog/category/community/
https://github.blog/category/community/education/
https://github.blog/category/community/events/
https://github.blog/category/community/insights/
https://github.blog/category/community/open-source/
https://github.blog/category/company/
https://github.blog/category/engineering/
https://github.blog/category/enterprise/
https://github.blog/category/product/
https://github.blog/category/product/client-apps/
https://github.blog/category/product/features/
https://github.blog/category/product/security/
https://github.blog/category/uncategorized/
https://github.blog/category/uncategorized/marketplace/
https://github.blog/category/uncategorized/marketplace/page/2/
https://github.com/
https://github.com/about
https://github.com/about/press
https://github.com/contact
https://github.com/customer-stories
https://github.com/enterprise
https://github.com/features
https://github.com/github
https://github.com/pricing
https://github.com/security
https://github.com/site/privacy
https://github.com/site/terms
https://github.community
https://help.github.com
https://resources.github.com
https://services.github.com
https://shop.github.com
https://status.github.com
https://twitter.com/github
https://www.facebook.com/GitHub
https://www.linkedin.com/company/github
https://www.youtube.com/github
