file downloaded.
links extracted.
https://atom.io
https://desktop.github.com
https://github.blog
https://github.blog/
https://github.blog/2019-11-11-our-tldr-for-californias-new-privacy-law-do-not-sell/
https://github.blog/2019-11-15-updates-to-our-terms-of-service-and-privacy-statement/
https://github.blog/2020-02-20-2019-transparency-report/
https://github.blog/2020-07-02-github-supports-the-open-technology-fund/
https://github.blog/2020-07-23-safeguarding-trans-atlantic-developer-collaboration/
https://github.blog/2020-09-16-ensure-your-neighbors-have-the-right-to-vote-a-software-engineer-volunteers-at-a-local-elections-office/
https://github.blog/2020-10-06-safe-harbors-for-software-collaboration-part-1/
https://github.blog/2020-10-15-updates-to-our-terms-of-service-and-our-privacy-statement/
https://github.blog/2020-10-22-vote-and-contribute-to-democracy-through-open-source/
https://github.blog/2020-11-02-commit-your-vote-on-election-day/
https://github.blog/author/fjennings/
https://github.blog/author/kdaigle/
https://github.blog/author/mayhk/
https://github.blog/author/mlinksva/
https://github.blog/author/taira43/
https://github.blog/author/vollmera/
https://github.blog/category/community/
https://github.blog/category/community/education/
https://github.blog/category/community/events/
https://github.blog/category/community/insights/
https://github.blog/category/community/open-source/
https://github.blog/category/company/
https://github.blog/category/company/policy/
https://github.blog/category/company/policy/page/2/
https://github.blog/category/engineering/
https://github.blog/category/enterprise/
https://github.blog/category/product/
https://github.blog/category/product/client-apps/
https://github.blog/category/product/features/
https://github.blog/category/product/security/
https://github.com/
https://github.com/about
https://github.com/about/careers
https://github.com/about/press
https://github.com/contact
https://github.com/customer-stories
https://github.com/enterprise
https://github.com/features
https://github.com/github
https://github.com/pricing
https://github.com/security
https://github.com/site/privacy
https://github.com/site/terms
https://help.github.com
https://resources.github.com
https://services.github.com
https://shop.github.com
https://status.github.com
https://twitter.com/github
https://www.facebook.com/GitHub
https://www.linkedin.com/company/github
https://www.youtube.com/github
