file downloaded.
links extracted.
https://cli.github.com
https://creativecommons.org/licenses/by/4.0/
https://desktop.github.com
https://desktop.github.com/
https://developer.apple.com/xcode/
https://docs.github.com
https://docs.github.com/articles/which-remote-url-should-i-use
https://docs.github.com/en/free-pro-team@latest/github/site-policy/github-privacy-statement
https://docs.github.com/en/github/site-policy/github-subprocessors-and-cookies
https://education.github.com
https://enterprise.github.com/contact
https://github.com
https://github.com/
https://github.com/CoralineAda
https://github.com/MikeMrs
https://github.com/about
https://github.com/aitchabee
https://github.com/benbalter
https://github.com/bkeepers
https://github.com/brettcannon
https://github.com/caabernathy
https://github.com/contact
https://github.com/dmleong
https://github.com/ericholscher
https://github.com/events
https://github.com/github/opensource.guide/actions
https://github.com/github/opensource.guide/pull/1929
https://github.com/gr2m
https://github.com/janl
https://github.com/jeejkang
https://github.com/jessfraz
https://github.com/joshsimmons
https://github.com/kfogel
https://github.com/kytrinyx
https://github.com/lee-dohm
https://github.com/mikeal
https://github.com/mlinksva
https://github.com/nathansobo
https://github.com/nayafia
https://github.com/nruff
https://github.com/nsqe
https://github.com/orta
https://github.com/parkr
https://github.com/pricing
https://github.com/security
https://github.com/shazow
https://github.com/site/privacy
https://github.com/site/terms
https://github.com/sophshep
https://github.com/stephbwills
https://github.com/steveklabnik
https://github.com/wooorm
https://github.community
https://githubstatus.com/
https://jekyllrb.com/
https://lab.github.com/
https://opensource.guide
https://opensource.guide/
https://services.github.com
https://stars.github.com
https://visualstudio.github.com/
