file downloaded.
links extracted.
https://desktop.github.com
https://docs.github.com
https://docs.github.com/en/free-pro-team@latest/github/site-policy/github-privacy-statement
https://docs.github.com/en/github/site-policy/github-subprocessors-and-cookies
https://education.github.com
https://enterprise.github.com/contact
https://github.blog
https://github.com
https://github.com/
https://github.com/contact
https://github.com/desktop/desktop/issues/3422
https://github.com/desktop/desktop/issues/4829
https://github.com/desktop/desktop/issues/5400
https://github.com/desktop/desktop/issues/5555
https://github.com/desktop/desktop/issues/5953
https://github.com/desktop/desktop/issues/6107
https://github.com/desktop/desktop/issues/6213
https://github.com/desktop/desktop/issues/6460
https://github.com/desktop/desktop/issues/7023
https://github.com/desktop/desktop/issues/750
https://github.com/desktop/desktop/issues/8149
https://github.com/desktop/desktop/issues/8548
https://github.com/desktop/desktop/pull/6445
https://github.com/events
https://github.com/pricing
https://github.com/security
https://github.com/site/privacy
https://github.com/site/terms
https://github.community
https://githubstatus.com/
https://lab.github.com/
https://opensource.guide
https://services.github.com
https://stars.github.com
