file downloaded.
links extracted.
https://atom.io
https://desktop.github.com
https://developer.github.com/
https://github.blog
https://github.blog/
https://github.blog/2019-05-06-team-synchronization-across-github-and-azure-active-directory/
https://github.blog/2019-05-23-build-like-an-open-source-community-with-github-enterprise/
https://github.blog/2020-08-05-github-actions-enterprise-runners-and-fine-grained-access-settings-with-runner-groups/
https://github.blog/2020-08-18-introducing-the-rally-github-integration/
https://github.blog/2020-08-24-automate-releases-and-more-with-the-new-sentry-release-github-action/
https://github.blog/2020-09-23-github-enterprise-server-2-22/
https://github.blog/2020-10-05-announcing-third-party-code-scanning-tools-static-analysis-and-developer-security-training/
https://github.blog/2020-10-05-fine-tune-access-to-external-actions/
https://github.blog/2020-10-07-announcing-third-party-code-scanning-tools-infrastructure-as-code-and-container-scanning/
https://github.blog/2020-10-07-devops-definition/
https://github.blog/2020-10-09-devops-cloud-testing/
https://github.blog/2020-10-15-pachyderm-and-the-power-of-github-actions-mlops-meets-devops/
https://github.blog/author/jenschelkopf/
https://github.blog/author/josepalafox/
https://github.blog/author/kathrynhsu/
https://github.blog/author/mariorod/
https://github.blog/author/mayaross/
https://github.blog/author/primetheus/
https://github.blog/author/xhermann/
https://github.blog/category/community/
https://github.blog/category/community/education/
https://github.blog/category/community/events/
https://github.blog/category/community/insights/
https://github.blog/category/community/open-source/
https://github.blog/category/company/
https://github.blog/category/engineering/
https://github.blog/category/enterprise/
https://github.blog/category/enterprise/page/2/
https://github.blog/category/enterprise/partners/
https://github.blog/category/product/
https://github.blog/category/product/client-apps/
https://github.blog/category/product/features/
https://github.blog/category/product/security/
https://github.com/
https://github.com/about
https://github.com/about/careers
https://github.com/about/press
https://github.com/contact
https://github.com/customer-stories
https://github.com/enterprise
https://github.com/features
https://github.com/github
https://github.com/pricing
https://github.com/security
https://github.com/site/privacy
https://github.com/site/terms
https://github.community
https://help.github.com
https://resources.github.com
https://services.github.com
https://shop.github.com
https://status.github.com
https://twitter.com/github
https://www.facebook.com/GitHub
https://www.linkedin.com/company/github
https://www.youtube.com/github
