file downloaded.
links extracted.
https://avatars0.githubusercontent.com/u/19231792
https://docs.github.com
https://docs.github.com/articles/why-are-my-contributions-not-showing-up-on-my-profile
https://docs.github.com/categories/setting-up-and-managing-your-github-profile
https://docs.github.com/en/articles/blocking-a-user-from-your-personal-account
https://docs.github.com/en/articles/reporting-abuse-or-spam
https://docs.github.com/en/github/site-policy/github-subprocessors-and-cookies
https://education.github.com
https://enterprise.github.com/contact
https://github.blog
https://github.com
https://github.com/
https://github.com/about
https://github.com/contact
https://github.com/events
https://github.com/security
https://github.com/site/privacy
https://github.com/site/terms
https://github.community
https://githubstatus.com/
https://lab.github.com/
https://opensource.guide
https://services.github.com
https://stars.github.com
