file downloaded.
links extracted.
https://atom.io
https://desktop.github.com/
https://docs.github.com
https://docs.github.com/en/free-pro-team@latest/github/site-policy/github-privacy-statement
https://docs.github.com/en/github/site-policy/github-subprocessors-and-cookies
https://education.github.com
https://github-media-downloads.s3.amazonaws.com/GitHub-Mark.zip
https://github-media-downloads.s3.amazonaws.com/Octocats.zip
https://github.blog
https://github.com/
https://github.com/a-ga-click
https://github.com/about
https://github.com/certifications
https://github.com/contact
https://github.com/github
https://github.com/github/roadmap
https://github.community
https://githubstatus.com/
https://lab.github.com/
https://opensource.guide
https://resources.github.com
https://services.github.com/
https://shop.github.com
https://socialimpact.github.com/
https://stars.github.com
https://twitter.com/github
https://www.facebook.com/GitHub
https://www.linkedin.com/company/github
