file downloaded.
links extracted.
https://atom.io
https://developer.github.com/
https://github.blog
https://github.blog/
https://github.blog/2020-08-11-github-presente-na-america-latina/
https://github.blog/2020-09-03-github-africa-virtual-meetup/
https://github.blog/2020-09-24-github-india-virtual-meetup-open-source-hacktoberfest/
https://github.blog/2020-10-09-devops-cloud-testing/
https://github.blog/2020-10-15-try-something-new-at-local-hack-day-learn/
https://github.blog/2020-10-19-github-planeta-virtual-meetup/
https://github.blog/2020-10-21-hacktoberfest-e-github-presente-celebrando-comunidades-open-source-em-outubro/
https://github.blog/2020-10-27-2020-github-universe-micro-mentoring-application/
https://github.blog/2020-10-27-github-game-off-2020/
https://github.blog/2020-11-01-github-game-off-2020-theme-announcement/
https://github.blog/author/divineops/
https://github.blog/author/elisemoe/
https://github.blog/author/leereilly/
https://github.blog/author/mvkaran/
https://github.blog/author/skhalife/
https://github.blog/author/talktopri/
https://github.blog/author/toyae/
https://github.blog/category/community/
https://github.blog/category/community/education/
https://github.blog/category/community/events/
https://github.blog/category/community/events/page/2/
https://github.blog/category/community/insights/
https://github.blog/category/community/open-source/
https://github.blog/category/company/
https://github.blog/category/engineering/
https://github.blog/category/enterprise/
https://github.blog/category/product/
https://github.blog/category/product/client-apps/
https://github.blog/category/product/features/
https://github.blog/category/product/security/
https://github.com/
https://github.com/about
https://github.com/about/careers
https://github.com/about/press
https://github.com/contact
https://github.com/customer-stories
https://github.com/enterprise
https://github.com/features
https://github.com/github
https://github.com/pricing
https://github.com/security
https://github.com/site/privacy
https://github.com/site/terms
https://github.community
https://help.github.com
https://resources.github.com
https://services.github.com
https://shop.github.com
https://status.github.com
https://twitter.com/github
https://www.facebook.com/GitHub
https://www.linkedin.com/company/github
https://www.youtube.com/github
