file downloaded.
links extracted.
https://atom.io
https://boards.greenhouse.io/github/jobs/2075797
https://boards.greenhouse.io/github/jobs/2143779
https://boards.greenhouse.io/github/jobs/2152268
https://boards.greenhouse.io/github/jobs/2229184
https://boards.greenhouse.io/github/jobs/2230635
https://boards.greenhouse.io/github/jobs/2269387
https://boards.greenhouse.io/github/jobs/2290219
https://boards.greenhouse.io/github/jobs/2290297
https://boards.greenhouse.io/github/jobs/2303889
https://boards.greenhouse.io/github/jobs/2316541
https://boards.greenhouse.io/github/jobs/2324409
https://boards.greenhouse.io/github/jobs/2334865
https://boards.greenhouse.io/github/jobs/2335698
https://boards.greenhouse.io/github/jobs/2355771
https://boards.greenhouse.io/github/jobs/2382007
https://boards.greenhouse.io/github/jobs/2383025
https://boards.greenhouse.io/github/jobs/2383401
https://boards.greenhouse.io/github/jobs/2384868
https://boards.greenhouse.io/github/jobs/2388452
https://boards.greenhouse.io/github/jobs/2388640
https://boards.greenhouse.io/github/jobs/2393516
https://boards.greenhouse.io/github/jobs/2393539
https://boards.greenhouse.io/github/jobs/2396519
https://boards.greenhouse.io/github/jobs/2396520
https://boards.greenhouse.io/github/jobs/2396629
https://boards.greenhouse.io/github/jobs/2398069
https://boards.greenhouse.io/github/jobs/2400687
https://boards.greenhouse.io/github/jobs/2400925
https://boards.greenhouse.io/github/jobs/2402712
https://boards.greenhouse.io/github/jobs/2405162
https://boards.greenhouse.io/github/jobs/2405550
https://boards.greenhouse.io/github/jobs/2406011
https://boards.greenhouse.io/github/jobs/2406331
https://boards.greenhouse.io/github/jobs/2413279
https://boards.greenhouse.io/github/jobs/2417306
https://boards.greenhouse.io/github/jobs/2422226
https://boards.greenhouse.io/github/jobs/2422973
https://boards.greenhouse.io/github/jobs/2423182
https://boards.greenhouse.io/github/jobs/2424796
https://boards.greenhouse.io/github/jobs/2424916
https://boards.greenhouse.io/github/jobs/2425483
https://boards.greenhouse.io/github/jobs/2425589
https://boards.greenhouse.io/github/jobs/2427321
https://boards.greenhouse.io/github/jobs/2431183
https://boards.greenhouse.io/github/jobs/2431593
https://boards.greenhouse.io/github/jobs/2431906
https://boards.greenhouse.io/github/jobs/2435436
https://boards.greenhouse.io/github/jobs/2436052
https://boards.greenhouse.io/github/jobs/2436236
https://boards.greenhouse.io/github/jobs/2436357
https://boards.greenhouse.io/github/jobs/2438567
https://boards.greenhouse.io/github/jobs/2438845
https://desktop.github.com/
https://docs.github.com
https://docs.github.com/en/free-pro-team@latest/github/site-policy/github-privacy-statement
https://docs.github.com/en/github/site-policy/github-subprocessors-and-cookies
https://education.github.com
https://enterprise.github.com/contact
https://github.blog
https://github.com/
https://github.com/about
https://github.com/certifications
https://github.com/contact
https://github.com/events
https://github.com/github
https://github.com/github/roadmap
https://github.community
https://githubstatus.com/
https://internships.github.com/
https://lab.github.com/
https://opensource.guide
https://resources.github.com
https://services.github.com/
https://shop.github.com
https://socialimpact.github.com/
https://stars.github.com
https://twitter.com/github
https://www.facebook.com/GitHub
https://www.linkedin.com/company/github
https://www.youtube.com/github
