file downloaded.
links extracted.
https://atom.io
https://cli.github.com
https://desktop.github.com/
https://docs.github.com
https://docs.github.com/articles/creating-a-strong-password
https://docs.github.com/articles/supported-browsers
https://docs.github.com/en/free-pro-team@latest/github/site-policy/github-privacy-statement
https://docs.github.com/en/github/si-banner-details
https://docs.github.com/en/github/site-policy/github-subprocessors-and-cookies
https://docs.github.com/github/managing-security-vulnerabilities/configuring-dependabot-security-updates
https://docs.github.com/privacy
https://docs.github.com/terms
https://education.github.com
https://enterprise.github.com/contact
https://github.blog
https://github.com/
https://github.com/about
https://github.com/certifications
https://github.com/contact
https://github.com/events
https://github.com/github/roadmap
https://github.community
https://githubstatus.com/
https://lab.github.com/
https://opensource.guide
https://play.google.com/store/apps/details
https://resources.github.com
https://services.github.com/
https://shop.github.com
https://socialimpact.github.com/
https://stars.github.com
https://twitter.com/github
https://www.facebook.com/GitHub
https://www.linkedin.com/company/github
https://www.npmjs.com
https://www.youtube.com/github
