file downloaded.
links extracted.
https://beta.companieshouse.gov.uk/company/11834461
https://chayn.co/
https://chayn.co/about/
https://chayn.co/impact/
https://chayn.co/join/
https://chayn.co/privacy/
https://chayn.co/projects/
https://chayn.co/tools/
https://chayn.gitbook.io/impact/
https://github.com/chaynHQ
https://github.com/sponsors/chaynHQ/
https://instagram.com/chaynhq/
https://medium.com/hack-for-chayn
https://medium.com/hack-for-chayn/6-reasons-to-join-chayn-936b6b1eb1b5
https://soundcloud.com/chayn-hq
https://twitter.com/nooreenk
https://www.facebook.com/chayn
https://www.instagram.com/chaynhq/
https://www.instagram.com/p/CHF5W4IhQJy/
https://www.instagram.com/p/CHFoiceh3_v/
https://www.instagram.com/p/CHSaoT8heau/
https://www.linkedin.com/company/chayn
https://www.paypal.me/chaynhq
