file downloaded.
links extracted.
https://beta.companieshouse.gov.uk/company/11834461
https://challenges.org/blog/announcing-the-winner-of-the-tech-to-connect-prize/
https://chayn.co/
https://chayn.co/about/
https://chayn.co/impact/
https://chayn.co/join/
https://chayn.co/privacy/
https://chayn.co/projects/
https://chayn.co/tools/
https://chayn.gitbook.io/diy-online-safety/
https://chayn.gitbooks.io/manipulation-is-abuse/content/
https://chayn.gitbooks.io/the-good-friend-guide/content/
https://github.com/chaynHQ
https://github.com/sponsors/chaynHQ/
https://instagram.com/chaynhq/
https://medium.com/hack-for-chayn
https://medium.com/hack-for-chayn/were-trying-something-new-say-hello-to-little-window-our-chatbot-36a65ac44fda
https://soundcloud.com/chayn-hq
https://www.facebook.com/chayn
https://www.gettingbetter.chayn.co/
https://www.linkedin.com/company/chayn
https://www.paypal.me/chaynhq
