file downloaded.
links extracted.
https://discuss.atom.io
https://docs.github.com
https://docs.github.com/articles/about-two-factor-authentication
https://docs.github.com/articles/git-and-github-learning-resources
https://docs.github.com/articles/github-privacy-statement
https://docs.github.com/articles/github-terms-of-service
https://docs.github.com/desktop
https://docs.github.com/developers
https://docs.github.com/enterprise
https://docs.github.com/github/managing-packages-with-github-packages
https://docs.github.com/github/managing-subscriptions-and-notifications-on-github
https://github.blog
https://github.blog/changelog
https://github.community
https://githubstatus.com
https://guides.github.com
https://lab.github.com
https://opensource.guide
