file downloaded.
links extracted.
https://atom.io
https://desktop.github.com
https://developer.github.com/
https://en.m.wikipedia.org/wiki/Common_Vulnerabilities_and_Exposures
https://github.blog
https://github.blog/
https://github.blog/2020-10-27-code-scanning-a-github-repository-using-github-advanced-security-within-an-azure-devops-pipeline/
https://github.blog/2020-11-04-github-availability-report-october-2020/
https://github.blog/author/alwellkevin/
https://github.blog/author/gmadlinger/
https://github.blog/author/keithballinger/
https://github.blog/author/shankuniyogi/
https://github.blog/category/community/
https://github.blog/category/community/education/
https://github.blog/category/community/events/
https://github.blog/category/community/insights/
https://github.blog/category/community/open-source/
https://github.blog/category/company/
https://github.blog/category/engineering/
https://github.blog/category/enterprise/
https://github.blog/category/product/
https://github.blog/category/product/client-apps/
https://github.blog/category/product/features/
https://github.blog/category/product/security/
https://github.blog/changelog/2019-05-23-dependency-insights/
https://github.blog/changelog/2019-05-23-whitesource-vulnerability-data/
https://github.com/
https://github.com/about
https://github.com/about/careers
https://github.com/about/press
https://github.com/contact
https://github.com/customer-stories
https://github.com/enterprise
https://github.com/features
https://github.com/github
https://github.com/pricing
https://github.com/security
https://github.com/semmle/ql
https://github.com/site/privacy
https://github.com/site/terms
https://github.community
https://help.github.com
https://help.github.com/en/articles/about-maintainer-security-advisories
https://help.github.com/en/articles/about-token-scanning
https://help.github.com/en/articles/adding-a-security-policy-to-your-repository
https://help.github.com/en/articles/collaborating-in-a-temporary-private-fork-to-resolve-a-security-vulnerability
https://help.github.com/en/articles/configuring-automated-security-fixes
https://lgtm.com/security/
https://nvd.nist.gov/
https://resources.github.com
https://services.github.com
https://status.github.com
https://twitter.com/github
https://www.facebook.com/GitHub
https://www.facebook.com/sharer/sharer.php
https://www.linkedin.com/company/github
https://www.linkedin.com/shareArticle
https://www.youtube.com/github
