file downloaded.
links extracted.
https://atom.io
https://desktop.github.com
https://developer.github.com/
https://github.blog
https://github.blog/
https://github.blog/2020-09-16-ensure-your-neighbors-have-the-right-to-vote-a-software-engineer-volunteers-at-a-local-elections-office/
https://github.blog/2020-10-06-safe-harbors-for-software-collaboration-part-1/
https://github.blog/2020-10-07-github-availability-report-september-2020/
https://github.blog/2020-10-15-updates-to-our-terms-of-service-and-our-privacy-statement/
https://github.blog/2020-10-20-a-journey-of-diversity-inclusion-and-belonging-at-github/
https://github.blog/2020-10-21-diversity-inclusion-and-belonging-at-github-in-2020/
https://github.blog/2020-10-22-devops-best-practices-qa-automated-deployments-at-github/
https://github.blog/2020-10-22-vote-and-contribute-to-democracy-through-open-source/
https://github.blog/2020-11-02-commit-your-vote-on-election-day/
https://github.blog/2020-11-04-github-availability-report-october-2020/
https://github.blog/author/carrieoleson/
https://github.blog/author/demetris11/
https://github.blog/author/gmadlinger/
https://github.blog/author/kdaigle/
https://github.blog/author/keithballinger/
https://github.blog/author/mlinksva/
https://github.blog/author/vollmera/
https://github.blog/category/community/
https://github.blog/category/community/education/
https://github.blog/category/community/events/
https://github.blog/category/community/insights/
https://github.blog/category/community/open-source/
https://github.blog/category/company/
https://github.blog/category/company/page/2/
https://github.blog/category/company/policy/
https://github.blog/category/company/updates/
https://github.blog/category/engineering/
https://github.blog/category/enterprise/
https://github.blog/category/product/
https://github.blog/category/product/client-apps/
https://github.blog/category/product/features/
https://github.blog/category/product/security/
https://github.com/
https://github.com/about
https://github.com/about/careers
https://github.com/about/press
https://github.com/contact
https://github.com/customer-stories
https://github.com/enterprise
https://github.com/features
https://github.com/github
https://github.com/security
https://github.com/site/privacy
https://github.com/site/terms
https://github.community
https://help.github.com
https://resources.github.com
https://services.github.com
https://shop.github.com
https://status.github.com
https://twitter.com/github
https://www.facebook.com/GitHub
https://www.linkedin.com/company/github
https://www.youtube.com/github
