file downloaded.
links extracted.
https://cli.github.com
https://desktop.github.com
https://docs.github.com
https://docs.github.com/en/free-pro-team@latest/github/site-policy/github-privacy-statement
https://docs.github.com/en/github/site-policy/github-subprocessors-and-cookies
https://education.github.com
https://enterprise.github.com/contact
https://github.blog
https://github.com
https://github.com/
https://github.com/about
https://github.com/casperdcl/cli/tree/snap
https://github.com/cli/cli/releases/latest
https://github.com/contact
https://github.com/events
https://github.com/kisslinux/community
https://github.com/pricing
https://github.com/security
https://github.com/site/privacy
https://github.com/site/terms
https://github.community
https://lab.github.com/
https://opensource.guide
https://search.nixos.org/packages
https://services.github.com
https://snapcraft.io/docs/installing-snapd
https://snapcraft.io/gh
https://stars.github.com
https://www.archlinux.org/packages/community/x86_64/github-cli
