file downloaded.
links extracted.
https://atom.io
https://desktop.github.com
https://developer.github.com/
https://github.blog
https://github.blog/
https://github.blog/2010-08-13-design-updates/
https://github.blog/2010-09-09-github-meetup-in-dublin-sept-11/
https://github.blog/2010-09-23-a-little-help-for-merging-pull-requests/
https://github.blog/2010-12-09-hubcap-a-socially-aware-github-mac-app/
https://github.blog/2011-04-09-issues-2-0-the-next-generation/
https://github.blog/2012-04-18-an-easier-way-to-create-repositories/
https://github.blog/2012-09-19-helsinki-drinkup/
https://github.blog/2012-12-13-customize-your-receipt-details/
https://github.blog/2013-02-13-sortable-stars/
https://github.blog/2013-11-11-subscribe-to-github-s-explore-email/
https://github.blog/author/danishkhan/
https://github.blog/author/jbarnette/
https://github.blog/author/jonrohan/
https://github.blog/author/kneath/
https://github.blog/author/pengwynn/
https://github.blog/author/pjhyett/
https://github.blog/author/technoweenie/
https://github.blog/category/archives/
https://github.blog/category/archives/page/2/
https://github.blog/category/community/
https://github.blog/category/community/education/
https://github.blog/category/community/events/
https://github.blog/category/community/insights/
https://github.blog/category/community/open-source/
https://github.blog/category/company/
https://github.blog/category/engineering/
https://github.blog/category/enterprise/
https://github.blog/category/product/
https://github.blog/category/product/client-apps/
https://github.blog/category/product/features/
https://github.blog/category/product/security/
https://github.com/
https://github.com/about
https://github.com/about/careers
https://github.com/about/press
https://github.com/contact
https://github.com/customer-stories
https://github.com/enterprise
https://github.com/features
https://github.com/github
https://github.com/pricing
https://github.com/security
https://github.com/site/privacy
https://github.com/site/terms
https://github.community
https://help.github.com
https://resources.github.com
https://services.github.com
https://shop.github.com
https://status.github.com
https://twitter.com/github
https://www.facebook.com/GitHub
https://www.linkedin.com/company/github
https://www.youtube.com/github
