file downloaded.
links extracted.
https://blog.discourse.org
https://blog.discourse.org/2018/06/understanding-discourse-trust-levels/
https://blog.discourse.org/2018/11/free-hosting-for-open-source-v2/
https://community.cartalk.com/
https://community.wd.com
https://discourse.org/buy
https://forums.eveonline.com/
https://github.com/discourse/discourse
https://meta.discourse.org
https://meta.discourse.org/t/frostbite-heart-discourse/39411/17
https://status.discourse.org
https://teams.discourse.com
https://try.discourse.org
https://twitter.com/discourse
https://www.ccpgames.com/
https://www.codeschool.com/
https://www.codeschool.com/discuss/
https://www.frostbite.com/
https://www.wdc.com/
https://www.youtube.com/watch
