file downloaded.
links extracted.
https://atom.io
https://desktop.github.com/
https://developer.github.com/
https://education.github.com/
https://enterprise.github.com/contact
https://github.blog/
https://github.com/
https://github.com/about
https://github.com/about/careers
https://github.com/about/press
https://github.com/case-studies
https://github.com/collections
https://github.com/contact
https://github.com/customer-stories
https://github.com/enterprise
https://github.com/events
https://github.com/explore
https://github.com/features
https://github.com/features/actions
https://github.com/features/code-review/
https://github.com/features/integrations
https://github.com/features/project-management/
https://github.com/features/security
https://github.com/github
https://github.com/join
https://github.com/login
https://github.com/marketplace
https://github.com/nonprofit
https://github.com/pricing
https://github.com/security
https://github.com/topics
https://github.com/trending
https://github.community
https://githubstatus.com/
https://help.github.com/en
https://help.github.com/en/articles/github-privacy-statement/
https://help.github.com/en/articles/github-terms-of-service/
https://lab.github.com/
https://opensource.guide
https://resources.github.com
https://services.github.com
https://shop.github.com
https://twitter.com/github
https://www.facebook.com/GitHub
https://www.linkedin.com/company/github
https://www.youtube.com/github
