file downloaded.
links extracted.
https://freesound.org/
https://github.com/sharpfives/the-gems-game
https://img.itch.zone/aW1hZ2UvNDU1NjkyLzI3Mzc1MjIucG5n/original/kXvlx9.png
https://img.itch.zone/aW1hZ2UvNDU1NjkyLzI3Mzc1MjMucG5n/original/PB73bG.png
https://img.itch.zone/aW1hZ2UvNDU1NjkyLzI3Mzc1MjQucG5n/original/o6ykX1.png
https://img.itch.zone/aW1hZ2UvNDU1NjkyLzI3Mzc1MjUucG5n/original/4uSyHw.png
https://itch.io/
https://itch.io/bundles
https://itch.io/comics
https://itch.io/community
https://itch.io/developers
https://itch.io/devlogs
https://itch.io/game-assets
https://itch.io/games
https://itch.io/games-like/455692/gems
https://itch.io/games/duration-half-hour
https://itch.io/games/free
https://itch.io/games/fun
https://itch.io/games/genre-action
https://itch.io/games/genre-adventure
https://itch.io/games/html5
https://itch.io/games/input-mouse
https://itch.io/games/lang-en
https://itch.io/games/made-with-aseprite
https://itch.io/games/made-with-phaser
https://itch.io/games/made-with-tiled
https://itch.io/games/platform-linux
https://itch.io/games/platform-osx
https://itch.io/games/released
https://itch.io/games/store
https://itch.io/games/tag-2d
https://itch.io/games/tag-github
https://itch.io/games/tag-horror
https://itch.io/games/tag-pixel-art
https://itch.io/games/tag-point-and-click
https://itch.io/jam/game-off-2019
https://itch.io/jam/game-off-2019/rate/455692
https://itch.io/jams
https://itch.io/jobs
https://itch.io/login
https://itch.io/post/1065264
https://itch.io/post/1065863
https://itch.io/post/1066403
https://itch.io/post/1066411
https://itch.io/post/1066481
https://itch.io/post/1066488
https://itch.io/post/1066493
https://itch.io/post/1066494
https://itch.io/post/1066580
https://itch.io/post/1066728
https://itch.io/post/1066965
https://itch.io/post/1068443
https://itch.io/post/1068660
https://itch.io/post/1068886
https://itch.io/post/1068928
https://itch.io/post/1068935
https://itch.io/post/1068948
https://itch.io/post/1070130
https://itch.io/post/1070630
https://itch.io/post/1073588
https://itch.io/post/1074162
https://itch.io/post/1075852
https://itch.io/post/1075857
https://itch.io/post/1092760
https://itch.io/post/1094831
https://itch.io/post/1097272
https://itch.io/post/1108477
https://itch.io/post/1122166
https://itch.io/post/1122354
https://itch.io/post/1133099
https://itch.io/post/1146699
https://itch.io/post/1154030
https://itch.io/post/1256154
https://itch.io/post/1489318
https://itch.io/post/1618888
https://itch.io/profile/charputo
https://itch.io/profile/dottygame
https://itch.io/profile/everentropy
https://itch.io/profile/felitastic
https://itch.io/profile/foxstarfive
https://itch.io/profile/galinagames
https://itch.io/profile/getedud
https://itch.io/profile/graydwarf
https://itch.io/profile/hamdy-elzonqali
https://itch.io/profile/igorsgames
https://itch.io/profile/kayyeh1
https://itch.io/profile/liquidream
https://itch.io/profile/lower-third
https://itch.io/profile/moeocon
https://itch.io/profile/niqx
https://itch.io/profile/savagemanchild
https://itch.io/profile/sharpfives
https://itch.io/profile/spellmender
https://itch.io/profile/stephenglatfelter
https://itch.io/profile/theomegagamer
https://itch.io/register
https://itch.io/sales
https://itch.io/tools
https://sharpfives.bandcamp.com/album/the-gems-ost
https://sharpfives.itch.io
https://sharpfives.itch.io/gems
https://sharpfives.itch.io/gems/purchase
https://twitter.com/sharpfives
https://www.browserleaks.com/webgl
