file downloaded.
links extracted.
https://app.segment.com/signup/
https://github.com/segmentio
https://open.segment.com/
https://segment.com/
https://segment.com/academy/
https://segment.com/blog/
https://segment.com/blog/how-our-stack-evolved-frame-io/
https://segment.com/blog/how-to-build-a-recommendation-engine/
https://segment.com/catalog/
https://segment.com/contact/
https://segment.com/crm-is-not-enough/
https://segment.com/customer-data-platform/
https://segment.com/customers/
https://segment.com/demo/
https://segment.com/docs/
https://segment.com/docs/connections/destinations/
https://segment.com/docs/connections/sources/
https://segment.com/docs/connections/sources/catalog/
https://segment.com/docs/connections/sources/catalog/libraries/mobile/ios/
https://segment.com/docs/connections/sources/catalog/libraries/server/http-api/
https://segment.com/docs/connections/sources/catalog/libraries/website/javascript/
https://segment.com/docs/connections/spec/
https://segment.com/docs/legal/
https://segment.com/docs/legal/privacy/
https://segment.com/docs/legal/terms/
https://segment.com/docs/personas/
https://segment.com/docs/sources/
https://segment.com/engineering/
https://segment.com/events/
https://segment.com/help/
https://segment.com/industry/b2b-software/
https://segment.com/industry/customers/
https://segment.com/industry/customers/bonobos/
https://segment.com/industry/customers/clearscore/
https://segment.com/industry/customers/digitalocean-personas/
https://segment.com/industry/customers/ibm/
https://segment.com/industry/customers/meredith/
https://segment.com/industry/enterprise/
https://segment.com/industry/marketplaces/
https://segment.com/industry/media/
https://segment.com/industry/mobile/
https://segment.com/industry/retail/
https://segment.com/industry/startups/
https://segment.com/jobs/
https://segment.com/login/
https://segment.com/marketing/
https://segment.com/partners/
https://segment.com/partners/developer-center/
https://segment.com/podcast/
https://segment.com/press/
https://segment.com/pricing/
https://segment.com/product/
https://segment.com/product/connections/
https://segment.com/product/connections/functions
https://segment.com/product/connections/functions/
https://segment.com/product/gdpr/
https://segment.com/product/personas
https://segment.com/product/personas/
https://segment.com/product/privacy-portal
https://segment.com/product/privacy-portal/
https://segment.com/product/protocols
https://segment.com/product/protocols/
https://segment.com/product/warehouses
https://segment.com/product/warehouses/
https://segment.com/recipes/
https://segment.com/resources/
https://segment.com/security/
https://segment.com/security/bulletins/
https://segment.com/use-cases/
https://status.segment.com/
https://twitter.com/segment
https://www.linkedin.com/company/segment-io/
