file downloaded.
links extracted.
https://atom.io
https://brew.sh/
https://confluence.atlassian.com/bitbucketserver/permanently-authenticating-with-git-repositories-776639846.html
https://desktop.github.com
https://devblogs.microsoft.com/bharry/the-largest-git-repo-on-the-planet/
https://devblogs.microsoft.com/devops/introducing-scalar/
https://developer.github.com/
https://docs.microsoft.com/en-us/azure/devops/repos/git/auth-overview
https://git-scm.com/book/en/v2/Git-Tools-Credential-Storage
https://git-scm.com/download/win
https://github.blog
https://github.blog/
https://github.blog/2020-10-14-even-better-code-review-in-github-for-mobile/
https://github.blog/2020-10-27-code-scanning-a-github-repository-using-github-advanced-security-within-an-azure-devops-pipeline/
https://github.blog/author/alwellkevin/
https://github.blog/author/josepalafox/
https://github.blog/author/mjcheetham/
https://github.blog/author/rnystrom/
https://github.blog/category/community/
https://github.blog/category/community/education/
https://github.blog/category/community/events/
https://github.blog/category/community/insights/
https://github.blog/category/community/open-source/
https://github.blog/category/company/
https://github.blog/category/engineering/
https://github.blog/category/enterprise/
https://github.blog/category/enterprise/partners/
https://github.blog/category/product/
https://github.blog/category/product/client-apps/
https://github.blog/category/product/features/
https://github.blog/category/product/security/
https://github.com/
https://github.com/AvaloniaUI/Avalonia
https://github.com/about
https://github.com/about/careers
https://github.com/contact
https://github.com/customer-stories
https://github.com/dotnet/runtime
https://github.com/enterprise
https://github.com/features
https://github.com/microsoft/Git-Credential-Manager-Core
https://github.com/microsoft/Git-Credential-Manager-Core/issues/135
https://github.com/microsoft/Git-Credential-Manager-Core/issues/136
https://github.com/microsoft/Git-Credential-Manager-Core/releases
https://github.com/microsoft/Git-Credential-Manager-for-Windows
https://github.com/microsoft/VFSForGit/blob/HEAD/Protocol.md
https://github.com/microsoft/git-credential-manager-core/issues
https://github.com/microsoft/scalar
https://github.com/microsoft/vfsforgit
https://github.com/mminns
https://github.com/pricing
https://github.com/security
https://github.com/site/privacy
https://github.com/site/terms
https://github.community
https://gitlab.com/gitlab-org/gitlab/-/issues/225215
https://help.github.com
https://help.github.com/en/github/authenticating-to-github
https://help.github.com/en/github/authenticating-to-github/connecting-to-github-with-ssh
https://resources.github.com
https://shop.github.com
https://status.github.com
https://support.apple.com/guide/keychain-access/what-is-keychain-access-kyca1083/mac
https://support.microsoft.com/en-gb/help/4026814/windows-accessing-credential-manager
https://twitter.com/github
https://twitter.com/share
https://www.facebook.com/GitHub
https://www.facebook.com/sharer/sharer.php
https://www.linkedin.com/company/github
https://www.linkedin.com/shareArticle
https://www.youtube.com/github
https://xkcd.com/927/
https://xkcd.com/license.html
