file downloaded.
links extracted.
https://atom.io
https://desktop.github.com
https://developer.github.com/
https://github.blog
https://github.blog/
https://github.blog/2020-09-24-lightning-qa-devsecops-in-five-with-maya-kaczorowski/
https://github.blog/2020-09-25-phishing-resistant-sms-autofill/
https://github.blog/2020-09-30-code-scanning-is-now-available/
https://github.blog/2020-10-05-announcing-third-party-code-scanning-tools-static-analysis-and-developer-security-training/
https://github.blog/2020-10-05-fine-tune-access-to-external-actions/
https://github.blog/2020-10-07-announcing-third-party-code-scanning-tools-infrastructure-as-code-and-container-scanning/
https://github.blog/2020-10-13-presenting-v7-0-0-of-the-npm-cli/
https://github.blog/2020-10-14-even-better-code-review-in-github-for-mobile/
https://github.blog/2020-10-22-introducing-the-npm-public-roadmap-and-a-new-feedback-process/
https://github.blog/2020-10-27-code-scanning-a-github-repository-using-github-advanced-security-within-an-azure-devops-pipeline/
https://github.blog/author/alwellkevin/
https://github.blog/author/cryptoque/
https://github.blog/author/gmadlinger/
https://github.blog/author/jenschelkopf/
https://github.blog/author/jhutchings1/
https://github.blog/author/josepalafox/
https://github.blog/author/mylesborins/
https://github.blog/author/rnystrom/
https://github.blog/category/community/
https://github.blog/category/community/education/
https://github.blog/category/community/events/
https://github.blog/category/community/insights/
https://github.blog/category/community/open-source/
https://github.blog/category/company/
https://github.blog/category/engineering/
https://github.blog/category/enterprise/
https://github.blog/category/enterprise/partners/
https://github.blog/category/product/
https://github.blog/category/product/client-apps/
https://github.blog/category/product/editor-tools/
https://github.blog/category/product/features/
https://github.blog/category/product/page/2/
https://github.blog/category/product/security/
https://github.blohttps://github.blog/2020-10-14-even-better-code-review-in-github-for-mobile/
https://github.com/
https://github.com/about
https://github.com/about/careers
https://github.com/about/press
https://github.com/contact
https://github.com/customer-stories
https://github.com/enterprise
https://github.com/features
https://github.com/github
https://github.com/pricing
https://github.com/security
https://github.com/site/privacy
https://github.com/site/terms
https://github.community
https://help.github.com
https://resources.github.com
https://services.github.com
https://shop.github.com
https://status.github.com
https://twitter.com/github
https://www.facebook.com/GitHub
https://www.linkedin.com/company/github
https://www.youtube.com/github
