file downloaded.
links extracted.
https://atom.io/
https://atom.io/docs
https://atom.io/packages
https://atom.io/themes
https://discuss.atom.io/u/1a11
https://discuss.atom.io/u/4zuko
https://discuss.atom.io/u/Akki_97
https://discuss.atom.io/u/AlynxZhou
https://discuss.atom.io/u/An0nDev
https://discuss.atom.io/u/AsothSt
https://discuss.atom.io/u/Boofhead1000
https://discuss.atom.io/u/CynthiaBlue
https://discuss.atom.io/u/DamnedScholar
https://discuss.atom.io/u/EdmarPereira
https://discuss.atom.io/u/GeooCswart
https://discuss.atom.io/u/Justinjhcs1
https://discuss.atom.io/u/Micronetic
https://discuss.atom.io/u/Prajna
https://discuss.atom.io/u/Rastus_Vernon
https://discuss.atom.io/u/Steve_Richter
https://discuss.atom.io/u/Wliu
https://discuss.atom.io/u/bassamanator
https://discuss.atom.io/u/batjko
https://discuss.atom.io/u/bobivem
https://discuss.atom.io/u/cal
https://discuss.atom.io/u/cathynewman
https://discuss.atom.io/u/d_l
https://discuss.atom.io/u/dcwaites
https://discuss.atom.io/u/emirhanaydogan
https://discuss.atom.io/u/eofedeveloper
https://discuss.atom.io/u/icecream17
https://discuss.atom.io/u/idleberg
https://discuss.atom.io/u/jago
https://discuss.atom.io/u/jano23
https://discuss.atom.io/u/kartikeya
https://discuss.atom.io/u/kgrossjo
https://discuss.atom.io/u/leedohm
https://discuss.atom.io/u/leostereo
https://discuss.atom.io/u/m3hiran
https://discuss.atom.io/u/mrbhalla
https://discuss.atom.io/u/mustafaKamal-fe
https://discuss.atom.io/u/pixiee08
https://discuss.atom.io/u/saninkiliyamannil
https://discuss.atom.io/u/seAt17
https://discuss.atom.io/u/snoop
https://discuss.atom.io/u/system
https://discuss.atom.io/u/thedaniel
https://discuss.atom.io/u/v3xX
https://discuss.atom.io/u/waterboy
https://discuss.atom.io/u/wisdomlight
https://discuss.atom.io/u/zZz
https://www.discourse.org
