file downloaded.
links extracted.
https://atom.io
https://desktop.github.com
https://developer.github.com/
https://github.blog
https://github.blog/
https://github.blog/2020-02-28-february-service-disruptions/
https://github.blog/2020-03-26-february-service-disruptions-post-incident-analysis/
https://github.blog/2020-05-22-april-service-disruptions-analysis/
https://github.blog/2020-07-08-introducing-the-github-availability-report/
https://github.blog/2020-08-05-github-availability-report-july-2020/
https://github.blog/2020-09-02-github-availability-report-august-2020/
https://github.blog/2020-10-07-github-availability-report-september-2020/
https://github.blog/2020-11-04-github-availability-report-october-2020/
https://github.blog/author/keithballinger/
https://github.blog/category/community/
https://github.blog/category/community/education/
https://github.blog/category/community/events/
https://github.blog/category/community/insights/
https://github.blog/category/community/open-source/
https://github.blog/category/company/
https://github.blog/category/engineering/
https://github.blog/category/enterprise/
https://github.blog/category/product/
https://github.blog/category/product/client-apps/
https://github.blog/category/product/features/
https://github.blog/category/product/security/
https://github.com/
https://github.com/about
https://github.com/about/careers
https://github.com/about/press
https://github.com/contact
https://github.com/customer-stories
https://github.com/enterprise
https://github.com/features
https://github.com/github
https://github.com/keithballinger
https://github.com/pricing
https://github.com/security
https://github.com/site/terms
https://github.community
https://help.github.com
https://resources.github.com
https://services.github.com
https://shop.github.com
https://status.github.com
https://twitter.com/github
https://www.facebook.com/GitHub
https://www.linkedin.com/company/github
https://www.youtube.com/github
