file downloaded.
links extracted.
https://atom.io
https://desktop.github.com/
https://docs.github.com
https://docs.github.com/articles/about-project-boards/
https://docs.github.com/articles/applying-labels-to-issues-and-pull-requests/
https://docs.github.com/articles/closing-issues-via-commit-messages/
https://docs.github.com/articles/managing-your-work-with-issues/
https://docs.github.com/articles/viewing-your-milestone-s-progress/
https://docs.github.com/en/free-pro-team@latest/github/site-policy/github-privacy-statement
https://docs.github.com/en/github/site-policy/github-subprocessors-and-cookies
https://education.github.com
https://enterprise.github.com/contact
https://github.blog
https://github.blog/2013-01-09-task-lists-in-gfm-issues-pulls-comments/
https://github.com/about
https://github.com/certifications
https://github.com/contact
https://github.com/events
https://github.com/github
https://github.com/github/roadmap
https://github.community
https://githubstatus.com/
https://lab.github.com/
https://opensource.guide
https://resources.github.com
https://services.github.com/
https://shop.github.com
https://socialimpact.github.com/
https://stars.github.com
https://twitter.com/github
https://www.facebook.com/GitHub
https://www.linkedin.com/company/github
https://www.youtube.com/github
