file downloaded.
links extracted.
https://github.com/LambdaHack/LambdaHack
https://github.com/facundoolano/advenjure
https://github.com/join
https://github.com/kitao/pyxel
https://github.com/ondras/rot.js
https://github.community/
https://github.itch.io
https://godotengine.org/
https://help.github.com/
https://itch.io/jam/game-off-2020
https://itch.io/login
https://leereilly.itch.io
https://love2d.org/
https://paladin-t.github.io/b8/
https://pixelvision8.itch.io/
https://ramilego4game.itch.io/liko12
https://tic.computer/
https://twitter.com/hashtag/GitHubGameOff
https://unity.com/
https://www.defold.com/
https://www.inklestudios.com/ink/
https://www.lexaloffle.com/pico-8.php
https://www.pygame.org/
https://www.unrealengine.com/en-US/
https://www.youtube.com/watch
