file downloaded.
links extracted.
https://cla.opensource.microsoft.com
https://cli.github.com
https://desktop.github.com
https://desktop.github.com/
https://dev.azure.com/ms/winget-cli/_build/latest
https://developer.apple.com/xcode/
https://docs.github.com
https://docs.github.com/en/free-pro-team@latest/github/site-policy/github-privacy-statement
https://docs.github.com/en/github/site-policy/github-subprocessors-and-cookies
https://docs.microsoft.com/en-us/troubleshoot/cpp/c-runtime-packages-desktop-bridge
https://docs.microsoft.com/en-us/windows/uwp/get-started/enable-your-device-for-development
https://education.github.com
https://enterprise.github.com/contact
https://github.blog
https://github.com
https://github.com/
https://github.com/about
https://github.com/contact
https://github.com/events
https://github.com/microsoft/winget-cli/issues
https://github.com/microsoft/winget-cli/issues/210
https://github.com/microsoft/winget-cli/projects/1
https://github.com/microsoft/winget-cli/pull/1
https://github.com/microsoft/winget-cli/pull/127
https://github.com/microsoft/winget-cli/pull/535
https://github.com/microsoft/winget-cli/pull/537
https://github.com/microsoft/winget-cli/pull/613
https://github.com/microsoft/winget-cli/pull/623
https://github.com/microsoft/winget-cli/pull/629
https://github.com/microsoft/winget-cli/pull/641
https://github.com/microsoft/winget-cli/pull/99
https://github.com/microsoft/winget-pkgs
https://github.com/pricing
https://github.com/security
https://github.com/site/privacy
https://github.community
https://githubstatus.com/
https://lab.github.com/
https://marketplace.visualstudio.com/items
https://opensource.microsoft.com/codeofconduct/faq/
https://services.github.com
https://stars.github.com
https://support.microsoft.com/en-us/help/4468236/diagnostics-feedback-and-privacy-in-windows-10-microsoft-privacy
https://visualstudio.github.com/
https://visualstudio.microsoft.com/downloads/
