file downloaded.
links extracted.
https://beta.companieshouse.gov.uk/company/11834461
https://chayn.co/
https://chayn.co/about/
https://chayn.co/impact/
https://chayn.co/join/
https://chayn.co/privacy/
https://chayn.co/projects/
https://chayn.co/tools/
https://chayn.gitbook.io/how-to-build-a-domestic-abuse-case-without-a-lawye/
https://giphy.com/gifs/law-womens-rights-empowerment-26tQLRRWurcxo7AUU
https://github.com/chaynHQ
https://github.com/sponsors/chaynHQ/
https://instagram.com/chaynhq/
https://medium.com/hack-for-chayn
https://pinterest.com/pin/create/button/
https://soundcloud.com/chayn-hq
https://soundcloud.com/chayn-hq/sets/how-to-build-your-own-domestic
https://soundcloud.com/chayn-hq/wakeel-kay-beghair-gharelo-tashadud-case-az-khud-tayar-kernay-ki-guidebook
https://twitter.com/share
https://www.dropbox.com/sh/v48e6axc8mzmunh/AADWMuOGQf6BjUCHCcnPJbgpa
https://www.facebook.com/chayn
https://www.linkedin.com/company/chayn
https://www.paypal.me/chaynhq
