file downloaded.
links extracted.
https://atom.io
https://bounty.github.com/
https://desktop.github.com/
https://docs.giray
https://docs.github.com
https://docs.github.com/en/free-pro-team@latest/github/site-policy/github-privacy-statement
https://docs.github.com/en/github/site-policy/github-subprocessors-and-cookies
https://education.github.com
https://enterprise.github.com/conl:space
https://github.blog
https://github.blog/2018-07-31-new-improvements-and-best-practices-for-account-security-and-recoverability/
https://github.blog/2019-05-23-introducing-new-ways-to-keep-your-code-secure/
https://github.blog/2019-09-18-securing-software-together/
https://github.blog/2019-11-14-github-advisory-database/
https://github.com/
https://github.com/about
https://github.com/certifications
https://github.com/contact
https://github.com/events
https://github.com/github
https://github.com/github/roadmap
https://github.com/pricing
https://github.community
https://githubengineering.com/githubs-bug-bounty-workflow/
https://githubengineering.com/soft-u2f/
https://githubstatus.com/
https://lab.github.com/
https://opensource.guide
https://resources.github.com
https://services.github.com/
https://shop.github.com
https://socialimpact.github.com/
https://stars.github.com
https://twitter.com/github
https://www.facebook.com/GitHub
https://www.linkedin.com/company/github
https://www.youtube.com/github
