file downloaded.
links extracted.
https://docs.github.com
https://docs.github.com/en/free-pro-team@latest/github/site-policy/github-privacy-statement
https://docs.github.com/en/github/site-policy/github-subprocessors-and-cookies
https://docs.github.com/privacy
https://docs.github.com/terms
https://education.github.com
https://enterprise.github.com/contact
https://github.blog
https://github.com/
https://github.com/about
https://github.com/contact
https://github.com/desktop/desktop/issues/10267
https://github.com/desktop/desktop/pull/8333
https://github.com/desktop/desktop/runs/1133915811
https://github.com/desktop/desktop/runs/1133915864
https://github.com/desktop/desktop/runs/1133938248
https://github.com/electron/electron/pull/25124
https://github.com/events
https://github.com/pricing
https://github.com/ruggi99
https://github.com/security
https://github.com/site/privacy
https://github.com/site/terms
https://github.community
https://githubstatus.com/
https://lab.github.com/
https://opensource.guide
https://stars.github.com
https://www.electronjs.org/releases/stable
