file downloaded.
links extracted.
https://atom.io
https://desktop.github.com
https://developer.github.com/
https://github.blog
https://github.blog/
https://github.blog/2019-04-15-easily-review-comments-in-atom/
https://github.blog/2019-06-12-atom-editor-is-now-faster/
https://github.blog/2019-07-01-mark-files-as-viewed/
https://github.blog/2019-10-14-introducing-autolink-references/
https://github.blog/2020-01-14-the-github-for-android-beta-is-here/
https://github.blog/2020-02-04-highlight-your-project-on-local-hack-day-share/
https://github.blog/2020-02-06-get-more-information-at-a-glance-with-issue-and-pull-request-linking/
https://github.blog/2020-07-02-git-credential-manager-core-building-a-universal-authentication-experience/
https://github.blog/2020-09-17-github-cli-1-0-is-now-available/
https://github.blog/2020-10-14-even-better-code-review-in-github-for-mobile/
https://github.blog/author/ampinsk/
https://github.blog/author/annthurium/
https://github.blog/author/jjcaine/
https://github.blog/author/juanpflores/
https://github.blog/author/labrose/
https://github.blog/author/larsxschneider/
https://github.blog/author/mjcheetham/
https://github.blog/author/rafeca/
https://github.blog/author/rnystrom/
https://github.blog/category/community/
https://github.blog/category/community/education/
https://github.blog/category/community/events/
https://github.blog/category/community/insights/
https://github.blog/category/community/open-source/
https://github.blog/category/company/
https://github.blog/category/engineering/
https://github.blog/category/enterprise/
https://github.blog/category/product/
https://github.blog/category/product/client-apps/
https://github.blog/category/product/client-apps/page/2/
https://github.blog/category/product/editor-tools/
https://github.blog/category/product/features/
https://github.blog/category/product/security/
https://github.com/
https://github.com/about
https://github.com/about/careers
https://github.com/about/press
https://github.com/contact
https://github.com/customer-stories
https://github.com/enterprise
https://github.com/features
https://github.com/github
https://github.com/pricing
https://github.com/security
https://github.com/site/privacy
https://github.com/site/terms
https://github.community
https://help.github.com
https://resources.github.com
https://services.github.com
https://shop.github.com
https://status.github.com
https://twitter.com/github
https://www.facebook.com/GitHub
https://www.linkedin.com/company/github
https://www.youtube.com/github
