file downloaded.
links extracted.
https://avatars0.githubusercontent.com/u/16631042
https://camo.githubusercontent.com/c4cc8fb0f0c06f0057640b46aab87e483f54e913fdbf52c9ee690c8204c52b44/68747470733a2f2f6769746875622e6769746875626173736574732e636f6d2f696d616765732f6d6f6e612d776869737065722e676966
https://camo.githubusercontent.com/c4cc8fb0f0c06f005764thubusercontent.com/c4cc8fb0f0c06f0057640b46aab87e483f54e913fdbf52c9ee690c8204c52b44/68747470733a2f2f6769746875622e6769746875626173736574732e636f6d2f696d616765732f6d6f6e612d776869737065722e676966
https://docs.github.com
https://docs.github.com/articles/why-are-my-contributions-not-showing-up-on-my-profile
https://docs.github.com/categories/setting-up-and-managing-your-github-profile
https://docs.github.com/en/articles/blocking-a-user-from-your-personal-account
https://docs.github.com/en/articles/reporting-abuse-or-spam
https://docs.github.com/en/free-pro-team@latest/github/site-policy/github-privacy-statement
https://docs.github.com/en/github/site-policy/github-subprocessors-and-cookies
https://education.github.com
https://enterprise.github.com/contact
https://github.blog
https://github.com
https://github.com/
https://github.com/about
https://github.com/brcrista
https://github.com/contact
https://github.com/cschleiden
https://github.com/events
https://github.com/hashtagchris
https://github.com/iProgramStuff
https://github.com/joshmgross/joshmgross/issues/1
https://github.com/mscoutermarsh
https://github.com/nattadasu
https://github.com/pricing
https://github.com/security
https://github.com/site/terms
https://github.community
https://githubstatus.com/
https://joshmgross.com/
https://lab.github.com/
https://opensource.guide
https://services.github.com
https://stars.github.com
https://twitter.com/joshmgross
