file downloaded.
links extracted.
https://atom.io
https://desktop.github.com
https://dev-dwarf.itch.io/blood-and-volts
https://developer.github.com/
https://eva-abollivier.itch.io/unnecessary-evil
https://geminimax.itch.io/shield-bearer
https://github.blog
https://github.blog/
https://github.blog/2019-10-30-13-spooktacular-games-to-play-hack-and-slash-this-halloween/
https://github.blog/2020-10-27-github-game-off-2020/
https://github.blog/2020-10-29-github-action-hero-eyal-posener-and-go-action/
https://github.blog/author/leereilly/
https://github.blog/author/mishmanners/
https://github.blog/category/community/
https://github.blog/category/community/education/
https://github.blog/category/community/events/
https://github.blog/category/community/insights/
https://github.blog/category/community/open-source/
https://github.blog/category/company/
https://github.blog/category/cotps://github.blog/wp-content/themes/github-blog/dist/icons/icons.svg
https://github.blog/category/engineering/
https://github.blog/category/enterprise/
https://github.blog/category/product/
https://github.blog/category/product/client-apps/
https://github.blog/category/product/features/
https://github.blog/category/product/security/
https://github.com/
https://github.com/AmoraBettany
https://github.com/DennisBengs
https://github.com/DennisBengs/retrohaunt
https://github.com/Dhmstark
https://github.com/Geminimax
https://github.com/Geminimax/ShieldBearer
https://github.com/JordyAaldering
https://github.com/JordyAaldering/Untitled-Game-Jam-8
https://github.com/Miziziziz/DeathString
https://github.com/Nolnad
https://github.com/Suliac
https://github.com/Voxelse
https://github.com/Xenatio
https://github.com/Xenation/Ludum-Dare-43/
https://github.com/about
https://github.com/about/careers
https://github.com/agar3s
https://github.com/agar3s/devil-glitches
https://github.com/agar3s/devil-glitches/blob/1229769c94d2bf072bf61b7c2056de611527a73c/src/gameLoop.js
https://github.com/contact
https://github.com/customer-stories
https://github.com/dev-dwarf
https://github.com/dev-dwarf/GM48-Small-World
https://github.com/eldarbogdanov/tomb-of-the-mummy-rl
https://github.com/enterprise
https://github.com/eschatonic/HeavenAscent
https://github.com/evaabollivier
https://github.com/features
https://github.com/nathannieuwenhuizen/Baby-Monster-Delivery-Ritual
https://github.com/pricing
https://github.com/saint11
https://github.com/saint11/LD47
https://github.com/securas
https://github.com/securas/SealedBite
https://github.com/securas/SealedBite/blob/8079b4827b4f7777adcbd768aced76bfd7b04ea6/player/player.gd
https://github.com/security
https://github.com/site/privacy
https://github.com/site/terms
https://github.com/smnjameson
https://github.com/topics/c64
https://github.community
https://help.github.com
https://itch.io/jam/game-off-2020
https://js13kgames.com/
https://js13kgames.com/entries/evil-glitch
https://js13kgames.com/entries/heaven-ascent
https://js13kgames.com/entries/retrohaunt
https://js13kgames.com/games/evil-glitch/index.html
https://js13kgames.com/games/heaven-ascent/index.html
https://ldjam.com/
https://ldjam.com/events/ludum-dare/43/unnecessary-evil
https://ldjam.com/events/ludum-dare/46/baby-monster-delivery
https://ldjam.com/events/ludum-dare/46/blood-and-volts
https://ldjam.com/events/ludum-dare/47/chamber
https://ldjam.com/events/ludum-dare/47/death-string
https://ldjam.com/events/ludum-dare/47/tomb-of-the-mummy-rl
https://nathannieuwenhuizen.itch.io/baby-monster-delivery
https://pseudobytes.itch.io/soul-harvester
https://resources.github.com
https://securas.itch.io/sealedbite
https://shallan64.itch.io/luna
https://shop.github.com
https://status.github.com
https://studiominiboss.itch.io/chamber
https://twitter.com/LewmothMusic
https://twitter.com/github
https://twitter.com/share
https://www.facebook.com/GitHub
https://www.facebook.com/sharer/sharer.php
https://www.linkedin.com/company/github
https://www.linkedin.com/shareArticle
https://www.youtube.com/github
