file downloaded.
links extracted.
https://atom.io
https://desktop.github.com
https://developer.github.com/
https://github.blog
https://github.blog/
https://github.blog/2020-03-19-getting-to-know-the-newyearnewpack-winners/
https://github.blog/2020-05-04-announcing-the-mlh-fellowship-powered-by-github/
https://github.blog/2020-05-04-how-one-student-curbed-panic-buying-with-the-pack/
https://github.blog/2020-05-26-code-in-the-browser-with-github-classroom/
https://github.blog/2020-05-28-introducing-hack-clubs-summer-of-making/
https://github.blog/2020-06-16-welcoming-the-octograds-of-2020/
https://github.blog/2020-06-24-welcome-to-the-inaugural-class-of-mlh-fellows/
https://github.blog/2020-09-10-remote-education-a-series-of-best-practices-for-online-campus-communities/
https://github.blog/2020-09-24-remote-education-creating-community-through-shared-experiences/
https://github.blog/2020-10-15-try-something-new-at-local-hack-day-learn/
https://github.blog/author/arelia/
https://github.blog/author/elisemoe/
https://github.blog/author/meyayre/
https://github.blog/author/mozzadrella/
https://github.blog/category/community/
https://github.blog/category/community/education/
https://github.blog/category/community/education/page/2/
https://github.blog/category/community/events/
https://github.blog/category/community/insights/
https://github.blog/category/community/open-source/
https://github.blog/category/company/
https://github.blog/category/engineering/
https://github.blog/category/enterprise/
https://github.blog/category/product/
https://github.blog/category/product/client-apps/
https://github.blog/category/product/features/
https://github.blog/category/product/security/
https://github.com/
https://github.com/about
https://github.com/about/careers
https://github.com/about/press
https://github.com/contact
https://github.com/customer-stories
https://github.com/features
https://github.com/github
https://github.com/pricing
https://github.com/security
https://github.com/site/privacy
https://github.com/site/terms
https://github.community
https://help.github.com
https://resources.github.com
https://services.github.com
https://shop.github.com
https://status.github.com
https://twitter.com/github
https://www.facebook.com/GitHub
https://www.linkedin.com/company/github
https://www.youtube.com/github
