file downloaded.
links extracted.
https://cli.github.com
https://desktop.github.com/
https://developer.apple.com/xcode/
https://docs.github.com
https://docs.github.com/articles/which-remote-url-should-i-use
https://docs.github.com/en/free-pro-team@latest/github/site-policy/github-privacy-statement
https://docs.github.com/en/github/site-policy/github-subprocessors-and-cookies
https://education.github.com
https://github.blog
https://github.com
https://github.com/
https://github.com/about
https://github.com/contact
https://github.com/github/roadmap/projects/1
https://github.com/pricing
https://github.com/security
https://github.com/site/privacy
https://github.community
https://github.community/
https://github.comta-ga-click
https://githubstatus.com/
https://lab.github.com/
https://opensource.guide
https://services.github.com
https://stars.github.com
https://support.github.com/contact/feedback
https://visualstudio.github.com/
