file downloaded.
links extracted.
https://atom.io
https://ballotpedia.org/Sample_Ballot_Lookup
https://desktop.github.com
https://developer.github.com/
https://docs.github.com/en/free-pro-team@latest/github/setting-up-and-managing-your-github-profile/managing-your-profile-readme
https://electproject.github.io/Early-Vote-2020G/index.html
https://github.blog
https://github.blog/
https://github.blog/2020-09-01-ready-to-vote-in-the-u-s-2020-elections/
https://github.blog/2020-09-16-ensure-your-neighbors-have-the-right-to-vote-a-software-engineer-volunteers-at-a-local-elections-office/
https://github.blog/2020-10-06-safe-harbors-for-software-collaboration-part-1/
https://github.blog/2020-10-15-updates-to-our-terms-of-service-and-our-privacy-statement/
https://github.blog/2020-10-22-vote-and-contribute-to-democracy-through-open-source/
https://github.blog/author/mlinksva/
https://github.blog/author/vollmera/
https://github.blog/category/community/
https://github.blog/category/community/education/
https://github.blog/category/community/events/
https://github.blog/category/community/insights/
https://github.blog/category/community/open-source/
https://github.blog/category/company/
https://github.blog/category/company/policy/
https://github.blog/category/engineering/
https://github.blog/category/enterprise/
https://github.blog/category/product/
https://github.blog/category/product/client-apps/
https://github.blog/category/product/features/
https://github.blog/category/product/security/
https://github.com/
https://github.com/about
https://github.com/about/careers
https://github.com/about/press
https://github.com/customer-stories
https://github.com/enterprise
https://github.com/features
https://github.com/github
https://github.com/pricing
https://github.com/security
https://github.com/site/privacy
https://github.com/site/terms
https://github.community
https://government.github.com/community/
https://help.github.com
https://resources.github.com
https://services.github.com
https://shop.github.com
https://status.github.com
https://toilostvoteschallenge.com/
https://twitter.com/github
https://twitter.com/share
https://user-images.githubusercontent.com/3104489/97828882-616ae680-1c96-11eb-8110-4f39349b4033.gif
https://www.businesswire.com/news/home/20200831005153/en/America%E2%80%99s-Leading-Companies-Strengthen-Pandemic-Era-Elections
https://www.facebook.com/GitHub
https://www.facebook.com/sharer/sharer.php
https://www.linkedin.com/company/github
https://www.linkedin.com/shareArticle
https://www.vote.org/polling-place-locator/
