file downloaded.
links extracted.
https://bundler.io/
https://docs.github.com
https://docs.github.com/en/free-pro-team@latest/github/site-policy/github-privacy-statement
https://docs.github.com/en/github/site-policy/github-subprocessors-and-cookies
https://education.github.com
https://enterprise.github.com/contact
https://github.blog
https://github.com
https://github.com/
https://github.com/about
https://github.com/events
https://github.com/github/opensource.guide/issues
https://github.com/github/opensource.guide/pulls
https://github.com/pricing
https://github.com/security
https://github.com/site/privacy
https://github.community
https://githubstatus.com/
https://jekyllrb.com/
https://lab.github.com/
https://opensource.guide
https://stars.github.com
https://www.ruby-lang.org/en/
