file downloaded.
links extracted.
https://atom.io
https://desktop.github.com
https://developer.github.com/
https://github.blog
https://github.blog/
https://github.blog/2020-10-27-2020-github-universe-micro-mentoring-application/
https://github.blog/2020-10-27-github-game-off-2020/
https://github.blog/2020-10-29-building-github-introduction/
https://github.blog/2020-10-29-getting-started-with-devops-automation/
https://github.blog/2020-10-29-github-action-hero-eyal-posener-and-go-action/
https://github.blog/2020-10-29-making-github-ci-workflow-3x-faster/
https://github.blog/2020-10-30-13-ghoulish-games-to-play-hack-and-slash-this-weekend/
https://github.blog/2020-11-01-github-game-off-2020-theme-announcement/
https://github.blog/2020-11-02-commit-your-vote-on-election-day/
https://github.blog/2020-11-04-github-availability-report-october-2020/
https://github.blog/author/katestud/
https://github.blog/author/keerthanakumar/
https://github.blog/author/keithballinger/
https://github.blog/author/leereilly/
https://github.blog/author/mishmanners/
https://github.blog/author/mlinksva/
https://github.blog/author/primetheus/
https://github.blog/author/toyae/
https://github.blog/category/archives/
https://github.blog/category/community/
https://github.blog/category/community/education/
https://github.blog/category/community/events/
https://github.blog/category/community/insights/
https://github.blog/category/community/open-source/
https://github.blog/category/company/
https://github.blog/category/company/policy/
https://github.blog/category/company/remote-work/
https://github.blog/category/company/updates/
https://github.blog/category/engineering/
https://github.blog/category/enterprise/
https://github.blog/category/enterprise/partners/
https://github.blog/category/product/
https://github.blog/category/product/client-apps/
https://github.blog/category/product/editor-tools/
https://github.blog/category/product/features/
https://github.blog/category/product/security/
https://github.blog/category/uncategorized/marketplace/
https://github.blog/page/2/
https://github.com/
https://github.com/about
https://github.com/about/careers
https://github.com/about/press
https://github.com/contact
https://github.com/customer-stories
https://github.com/enterprise
https://github.com/features
https://github.com/github
https://github.com/pricing
https://github.com/security
https://github.com/site/privacy
https://github.com/site/terms
https://github.community
https://help.github.com
https://resources.github.com
https://services.github.com
https://shop.github.com
https://status.github.com
https://twitter.com/github
https://www.facebook.com/GitHub
https://www.linkedin.com/company/github
https://www.youtube.com/github
