file downloaded.
links extracted.
https://chocolatey.org/
https://cli.github.com
https://desktop.github.com
https://desktop.github.com/
https://developer.apple.com/xcode/
https://docs.brew.sh/Installation
https://docs.conda.io/en/latest/
https://docs.github.com
https://docs.github.com/articles/which-remote-url-should-i-use
https://docs.github.com/en/actions/reference/workflow-syntax-for-github-actions
https://docs.github.com/en/free-pro-team@latest/github/site-policy/github-privacy-statement
https://docs.github.com/en/github/site-policy/github-subprocessors-and-cookies
https://education.github.com
https://en.opensuse.org/SDB:Zypper_manual
https://enterprise.github.com/contact
https://fedoraproject.org/wiki/DNF
https://github.blog
https://github.com
https://github.com/
https://github.com/about
https://github.com/cli/cli/blob/trunk/docs/gh-vs-hub.md
https://github.com/contact
https://github.com/events
https://github.com/github/hub/blob/master/CODE_OF_CONDUCT.md
https://github.com/github/hub/contributors
https://github.com/github/hub/issues
https://github.com/github/hub/releases/latest
https://github.com/pricing
https://github.com/security
https://github.com/settings/tokens
https://github.com/site/privacy
https://github.com/site/terms
https://github.com/void-linux/xbps
https://github.community
https://githubstatus.com/
https://golang.org/doc/install
https://hub.github.com/
https://hub.github.com/hub.1.html
https://lab.github.com/
https://manpages.debian.org/buster/apt/apt.8.en.html
https://opensource.guide
https://services.github.com
https://snapcraft.io
https://stars.github.com
https://visualstudio.github.com/
https://wiki.archlinux.org/index.php/pacman
https://wiki.gentoo.org/wiki/Portage
