file downloaded.
links extracted.
https://atom.io
https://desktop.github.com/
https://developer.github.com/
https://github.blog/
https://github.com/
https://github.com/about
https://github.com/about/careers
https://github.com/about/press
https://github.com/cli/cli
https://github.com/cli/cli/releases/latest
https://github.com/contact
https://github.com/customer-stories
https://github.com/enterprise
https://github.com/features
https://github.com/pricing
https://github.com/rbenv/rbenv/wiki/unix-shell-initialization
https://github.com/security
https://github.community
https://githubstatus.com/
https://help.github.com/en
https://help.github.com/en/articles/github-privacy-statement/
https://help.github.com/en/articles/github-terms-of-service/
https://lab.github.com/
https://resources.github.com
https://services.github.com
https://twitter.com/github
https://www.facebook.com/GitHub
https://www.youtube.com/github
