file downloaded.
links extracted.
https://aur.archlinux.org/packages/github-desktop-bin/
https://brendanforster.visualstudio.com/desktop-linux/_build/latest
https://cli.github.com
https://cloud.githubusercontent.com/assets/359239/26094502/a1f56d02-3a5d-11e7-8799-23c7ba5e5106.png
https://desktop.github.com
https://desktop.github.com/
https://developer.apple.com/xcode/
https://docs.github.com
https://docs.github.com/articles/which-remote-url-should-i-use
https://docs.github.com/en/free-pro-team@latest/github/site-policy/github-privacy-statement
https://docs.github.com/en/github/site-policy/github-subprocessors-and-cookies
https://education.github.com
https://electron.atom.io
https://enterprise.github.com/contact
https://facebook.github.io/react/
https://github.blog
https://github.com
https://github.com/
https://github.com/about
https://github.com/contact
https://github.com/desktop/desktop
https://github.com/events
https://github.com/pricing
https://github.com/security
https://github.com/shiftkey/desktop/pull/240
https://github.com/shiftkey/desktop/pull/273
https://github.com/shiftkey/desktop/pull/277
https://github.com/shiftkey/desktop/pull/302
https://github.com/shiftkey/desktop/pull/369
https://github.com/shiftkey/desktop/releases
https://github.com/site/privacy
https://github.com/sponsors/shiftkey
https://github.community
https://githubstatus.com/
https://lab.github.com/
https://opensource.guide
https://packagecloud.io/
https://stars.github.com
https://visualstudio.github.com/
https://wiki.archlinux.org/index.php/GNOME/Keyring
