file downloaded.
links extracted.
https://academy.zenva.com/product/godot-game-development-mini-degree/
https://docs.godotengine.org
https://docs.godotengine.org/en/stable/community/contributing/ways_to_contribute.html
https://github.com/godotengine
https://github.com/godotengine/godot/blob/master/AUTHORS.md
https://godotengine.org/article/complex-text-layouts-progress-report-2
https://godotengine.org/article/fbx-importer-rewritten-for-godot-3-2-4
https://godotengine.org/article/gdscript-progress-report-typed-instructions
https://godotengine.org/article/godot-web-progress-report-3
https://godotengine.org/asset-library/asset
https://heroiclabs.com/
https://sfconservancy.org/
https://tuxfamily.org
https://twitter.com/godotengine
https://www.asifa-hollywood.org/
https://www.gamblify.com/
https://www.moonwards.com/
https://www.patreon.com/godotengine
https://www.reddit.com/r/godot
