file downloaded.
links extracted.
https://atom.io
https://atom.io/docs
https://desktop.github.com/
https://docs.github.com
https://docs.github.com/en/actions
https://docs.github.com/en/actions/configuring-and-managing-workflows/creating-and-storing-encrypted-secrets
https://docs.github.com/en/actions/getting-started-with-github-actions/starting-with-preconfigured-workflow-templates
https://docs.github.com/en/actions/hosting-your-own-runners
https://docs.github.com/en/actions/reference/virtual-environments-for-github-hosted-runners
https://docs.github.com/en/desktop
https://docs.github.com/en/enterprise/2.15/admin/installation/enabling-unified-contributions-between-github-enterprise-server-and-githubcom
https://docs.github.com/en/enterprise/2.22/admin/authentication/using-ldap
https://docs.github.com/en/enterprise/2.22/admin/authentication/using-saml
https://docs.github.com/en/enterprise/2.22/admin/overview/system-overview
https://docs.github.com/en/enterprise/2.22/user/github/searching-for-information-on-github/enabling-githubcom-repository-search-in-github-enterprise-server
https://docs.github.com/en/free-pro-team@latest/github/site-policy/github-privacy-statement
https://docs.github.com/en/github/administering-a-repository/about-secret-scanning
https://docs.github.com/en/github/authenticating-to-github/about-commit-signature-verification
https://docs.github.com/en/github/authenticating-to-github/configuring-two-factor-authentication-recovery-methods
https://docs.github.com/en/github/building-a-strong-community/about-wikis
https://docs.github.com/en/github/collaborating-with-issues-and-pick
https://docs.github.com/en/github/collaborating-with-issues-and-pull-requests/about-pull-request-reviews
https://docs.github.com/en/github/collaborating-with-issues-and-pull-requests/about-pull-requests
https://docs.github.com/en/github/collaborating-with-issues-and-pull-requests/reviewing-changes-in-pull-requests
https://docs.github.com/en/github/creating-cloning-and-archiving-repositories/about-code-owners
https://docs.github.com/en/github/creating-cloning-and-archiving-repositories/about-repository-visibility
https://docs.github.com/en/github/developing-online-with-codespaces
https://docs.github.com/en/github/finding-security-vulnerabilities-and-errors-in-your-code/about-code-scanning
https://docs.github.com/en/github/getting-started-with-github/access-permissions-on-github
https://docs.github.com/en/github/getting-started-with-github/github-cli
https://docs.github.com/en/github/getting-started-with-github/github-for-mobile
https://docs.github.com/en/github/managing-security-vulnerabilities/about-alerts-for-vulnerable-dependencies
https://docs.github.com/en/github/managing-security-vulnerabilities/about-github-security-advisories
https://docs.github.com/en/github/managing-security-vulnerabilities/browsing-security-vulnerabilities-in-the-github-advisory-database
https://docs.github.com/en/github/managing-subscriptions-and-notifications-on-github
https://docs.github.com/en/github/managing-your-work-on-github/about-labels
https://docs.github.com/en/github/managing-your-work-on-github/about-milestones
https://docs.github.com/en/github/managing-your-work-on-github/about-project-boards
https://docs.github.com/en/github/managing-your-work-on-github/assigning-issues-and-pull-requests-to-other-github-users
https://docs.github.com/en/github/setting-up-and-managing-organizations-and-teams/inviting-users-to-join-your-organization
https://docs.github.com/en/github/setting-up-and-managing-organizations-and-teams/managing-allowed-ip-addresses-for-your-organization
https://docs.github.com/en/github/setting-up-and-managing-organizations-and-teams/managing-code-review-assignment-for-your-team
https://docs.github.com/en/github/setting-up-and-managing-organizations-and-teams/managing-team-synchronization-for-your-organization
https://docs.github.com/en/github/setting-up-and-managing-organizations-and-teams/restricting-email-notifications-to-an-approved-domain
https://docs.github.com/en/github/setting-up-and-managing-organizations-and-teams/restricting-repository-creation-in-your-organization
https://docs.github.com/en/github/setting-up-and-managing-organizations-and-teams/verifying-your-organizations-domain
https://docs.github.com/en/github/setting-up-and-managing-organizations-and-teams/viewing-insights-for-your-organization
https://docs.github.com/en/github/setting-up-and-managing-your-enterprise/enforcing-github-actions-policies-in-your-enterprise-account
https://docs.github.com/en/github/site-policy/github-subprocessors-and-cookies
https://docs.github.com/en/github/supporting-the-open-source-community-with-github-sponsors/about-github-sponsors
https://docs.github.com/en/github/visualizing-repository-data-with-graphs/about-the-dependency-graph
https://docs.github.com/en/github/working-with-github-pages
https://docs.github.com/en/graphql
https://docs.github.com/en/packages
https://docs.github.com/en/rest/reference/repos
https://docs.github.comdata-ga-click
https://education.github.com
https://enterprise.github.com/contact
https://github.blog
https://github.blog/2020-05-06-new-from-satellite-2020-github-codespaces-github-discussions-securing-code-in-private-repositories-and-more/
https://github.com/
https://github.com/about
https://github.com/certifications
https://github.com/contact
https://github.com/events
https://github.com/github
https://github.com/marketplace
https://github.community
https://githubstatus.com/
https://lab.github.com
https://lab.github.com/
https://opensource.guide
https://resources.github.com
https://services.github.com/
https://shop.github.com
https://socialimpact.github.com/
https://stars.github.com
https://twitter.com/github
https://www.electronjs.org/docs
https://www.facebook.com/GitHub
https://www.linkedin.com/company/github
https://www.youtube.com/github
