file downloaded.
links extracted.
https://atom.io
https://cli.github.com/
https://desktop.github.com
https://developer.github.com/
https://github.blog
https://github.blog/
https://github.blog/2020-02-06-get-more-information-at-a-glance-with-issue-and-pull-request-linking/
https://github.blog/2020-02-12-supercharge-your-command-line-experience-github-cli-is-now-in-beta/
https://github.blog/2020-07-02-git-credential-manager-core-building-a-universal-authentication-experience/
https://github.blog/2020-10-14-even-better-code-review-in-github-for-mobile/
https://github.blog/author/ampinsk/
https://github.blog/author/labrose/
https://github.blog/author/mjcheetham/
https://github.blog/author/rnystrom/
https://github.blog/category/community/
https://github.blog/category/community/education/
https://github.blog/category/community/events/
https://github.blog/category/community/insights/
https://github.blog/category/community/open-source/
https://github.blog/category/company/
https://github.blog/category/engineering/
https://github.blog/category/enterprise/
https://github.blog/category/product/
https://github.blog/category/product/client-apps/
https://github.blog/category/product/features/
https://github.blog/category/product/security/
https://github.blog/changelog/2020-04-23-github-cli-now-supports-autofilling-pull-requests-and-custom-configuration/
https://github.blog/changelog/2020-05-11-github-cli-allows-you-to-close-reopen-and-add-metadata-to-issues-and-pull-requests/
https://github.blog/changelog/2020-05-26-mark-pull-requests-as-ready-for-review-review-and-merge-from-github-cli/
https://github.com/
https://github.com/AliabbasMerchant
https://github.com/ShubhankarKG
https://github.com/about
https://github.com/about/careers
https://github.com/about/press
https://github.com/cli/cli
https://github.com/cli/cli/graphs/contributors
https://github.com/cli/cli/pull/1492
https://github.com/cli/cli/pull/625
https://github.com/cli/cli/pull/644
https://github.com/cli/cli/pull/745
https://github.com/cli/cli/pull/748
https://github.com/cli/cli/pull/950
https://github.com/contact
https://github.com/customer-stories
https://github.com/doi-t
https://github.com/eddumelendez
https://github.com/enterprise
https://github.com/features
https://github.com/github
https://github.com/pricing
https://github.com/security
https://github.com/site/privacy
https://github.com/site/terms
https://github.community
https://help.github.com
https://resources.github.com
https://services.github.com
https://shop.github.com
https://status.github.com
https://twitter.com/github
https://twitter.com/share
https://www.facebook.com/GitHub
https://www.linkedin.com/company/github
https://www.linkedin.com/shareArticle
https://www.youtube.com/github
