file downloaded.
links extracted.
https://atom.io
https://desktop.github.com/
https://docs.github.com
https://docs.github.com/articles/about-comparing-branches-in-pull-requests/
https://docs.github.com/articles/about-protected-branches/
https://docs.github.com/articles/about-pull-requests/
https://docs.github.com/articles/resolving-a-merge-conflict-using-the-command-line/
https://docs.github.com/articles/tracing-changes-in-a-file/
https://docs.github.com/en/free-pro-team@latest/github/site-policy/github-privacy-statement
https://docs.github.com/en/github/site-policy/github-subprocessors-and-cookies
https://docs.github.com/v3/repos/branches/
https://docs.github.com/v3/repos/statuses/
https://education.github.com
https://enterprise.github.com/contact
https://github.blog
https://github.blog/2017-01-18-navigate-file-history-faster-with-improved-blame-view/
https://github.com/
https://github.com/about
https://github.com/certifications
https://github.com/contact
https://github.com/events
https://github.com/github
https://github.com/github/roadmap
https://github.community
https://githubstatus.com/
https://lab.github.com/
https://opensource.guide
https://resources.github.com
https://services.github.com/
https://shop.github.com
https://socialimpact.github.com/
https://stars.github.com
https://twitter.com/github
https://www.facebook.com/GitHub
https://www.linkedin.com/company/github
https://www.youtube.com/github
