file downloaded.
links extracted.
https://atom.io
https://desktop.github.com
https://dev.to/devteam/announcing-the-github-actions-hackathon-on-dev-3ljn
https://developer.github.com/
https://github.blog
https://github.blog/
https://github.blog/2020-08-13-github-actions-karuna/
https://github.blog/2020-09-17-github-action-hero-stefan-zweifel-and-git-auto-commit/
https://github.blog/2020-09-25-github-action-hero-james-ives-and-github-pages-deploy/
https://github.blog/2020-10-27-github-game-off-2020/
https://github.blog/2020-11-01-github-game-off-2020-theme-announcement/
https://github.blog/author/leereilly/
https://github.blog/author/mishmanners/
https://github.blog/category/community/
https://github.blog/category/community/education/
https://github.blog/category/community/events/
https://github.blog/category/community/insights/
https://github.blog/category/community/open-source/
https://github.blog/category/company/
https://github.blog/category/engineering/
https://github.blog/category/enterprise/
https://github.blog/category/product/
https://github.blog/category/product/client-apps/
https://github.blog/category/product/features/
https://github.blog/category/product/security/
https://github.blog/category/uncategorized/marketplace/
https://github.blog/changelog/2020-07-06-github-actions-manual-triggers-with-workflow_dispatch
https://github.com/
https://github.com/about
https://github.com/about/careers
https://github.com/about/press
https://github.com/contact
https://github.com/customer-stories
https://github.com/enterprise
https://github.com/features
https://github.com/github
https://github.com/posener
https://github.com/posener/goaction
https://github.com/pricing
https://github.com/security
https://github.com/shivammathur
https://github.com/site/privacy
https://github.com/site/terms
https://github.community
https://help.github.com
https://lab.github.com/github/hello-github-actions!
https://pkg.go.dev/github.com/posener/goaction@v0.1.4/actionutil
https://posener.github.io/goreadme/
https://resources.github.com
https://services.github.com
https://shop.github.com
https://status.github.com
https://twitter.com/share
https://www.facebook.com/GitHub
https://www.facebook.com/sharer/sharer.php
https://www.linkedin.com/company/github
https://www.linkedin.com/shareArticle
https://www.youtube.com/github
