file downloaded.
links extracted.
https://atom.io
https://desktop.github.com
https://developer.github.com/
https://github.blog
https://github.blog/
https://github.blog/2020-10-15-how-to-get-your-organization-started-with-containerized-deployments/
https://github.blog/2020-10-29-getting-started-with-devops-automation/
https://github.blog/2020-10-29-making-github-ci-workflow-3x-faster/
https://github.blog/author/katestud/
https://github.blog/author/keerthanakumar/
https://github.blog/author/primetheus/
https://github.blog/category/community/
https://github.blog/category/community/education/
https://github.blog/category/community/events/
https://github.blog/category/community/insights/
https://github.blog/category/community/open-source/
https://github.blog/category/company/
https://github.blog/category/engineering/
https://github.blog/category/enterprise/
https://github.blog/category/product/
https://github.blog/category/product/client-apps/
https://github.blog/category/product/features/
https://github.blog/category/product/security/
https://github.com/
https://github.com/about
https://github.com/about/careers
https://github.com/about/press
https://github.com/contact
https://github.com/customer-stories
https://github.com/enterprise
https://github.com/features
https://github.com/github
https://github.com/pricing
https://github.com/security
https://github.com/site/privacy
https://github.community
https://help.github.com
https://services.github.com
https://services.google.com/fh/files/misc/state-of-devops-2019.pdf
https://shop.github.com
https://status.github.com
https://twitter.com/github
https://twitter.com/share
https://www.facebook.com/GitHub
https://www.facebook.com/sharer/sharer.php
https://www.linkedin.com/company/github
https://www.youtube.com/github
