file downloaded.
links extracted.
https://desktop.github.com
https://docs.github.com
https://docs.github.com/en/free-pro-team@latest/github/site-policy/github-privacy-statement
https://docs.github.com/en/github/site-policy/github-subprocessors-and-cookies
https://docs.microsoft.com/en-us/previous-versions/windows/it-pro/windows-server-2008-R2-and-2008/cc753996(v%3dws.11)
https://education.github.com
https://enterprise.github.com/contact
https://github.blog
https://github.com/
https://github.com/%5C
https://github.com/contact
https://github.com/desktop/desktop/issues
https://github.com/desktop/desktop/issues/2107
https://github.com/desktop/desktop/issues/2623
https://github.com/desktop/desktop/issues/2972
https://github.com/desktop/desktop/issues/3096
https://github.com/desktop/desktop/issues/3263
https://github.com/desktop/desktop/issues/3326
https://github.com/desktop/desktop/issues/4115
https://github.com/desktop/desktop/issues/4124
https://github.com/desktop/desktop/issues/4832
https://github.com/desktop/desktop/issues/5082
https://github.com/desktop/desktop/issues/6879
https://github.com/desktop/desktop/issues/6882
https://github.com/desktop/desktop/issues/7064
https://github.com/desktop/desktop/issues/new
https://github.com/desktop/desktop/labels/bug
https://github.com/desktop/desktop/pull/9730
https://github.com/events
https://github.com/pricing
https://github.com/security
https://github.com/site/privacy
https://github.com/site/terms
https://github.community
https://githubstatus.com/
https://lab.github.com/
https://opensource.guide
https://services.github.com
https://stars.github.com
