file downloaded.
links extracted.
https://avatars3.githubusercontent.com/u/5877477
https://docs.github.com
https://docs.github.com/articles/why-are-my-contributions-not-showing-up-on-my-profile
https://docs.github.com/en/articles/blocking-a-user-from-your-personal-account
https://docs.github.com/en/articles/reporting-abuse-or-spam
https://docs.github.com/en/free-pro-team@latest/github/site-policy/github-privacy-statement
https://docs.github.com/en/github/site-policy/github-subprocessors-and-cookies
https://doi-t.net
https://education.github.com
https://enterprise.github.com/contact
https://github.blog
https://github.com
https://github.com/about
https://github.com/contact
https://github.com/events
https://github.com/pricing
https://github.com/site/privacy
https://github.com/site/terms
https://github.community
https://github.githubassets.com/favicons/favicon.svg
https://githubstatus.com/
https://lab.github.com/
https://opensource.guide
https://services.github.com
https://stars.github.com
