file downloaded.
links extracted.
https://atom.io
https://desktop.github.com
https://developer.github.com/
https://github.blog
https://github.blog/
https://github.blog/2020-08-13-secure-at-every-step-a-guide-to-devsecops-shifting-left-and-gitops/
https://github.blog/2020-08-27-secure-at-every-step-putting-devsecops-into-practice-with-code-scanning/
https://github.blog/2020-09-02-how-we-threat-model/
https://github.blog/2020-09-02-secure-your-software-supply-chain-and-protect-against-supply-chain-threats-github-blog/
https://github.blog/2020-09-24-lightning-qa-devsecops-in-five-with-maya-kaczorowski/
https://github.blog/2020-09-25-phishing-resistant-sms-autofill/
https://github.blog/2020-09-30-code-scanning-is-now-available/
https://github.blog/2020-10-05-announcing-third-party-code-scanning-tools-static-analysis-and-developer-security-training/
https://github.blog/2020-10-07-announcing-third-party-code-scanning-tools-infrastructure-as-code-and-container-scanning/
https://github.blog/2020-10-27-code-scanning-a-github-repository-using-github-advanced-security-within-an-azure-devops-pipeline/
https://github.blog/author/alwellkevin/
https://github.blog/author/gmadlinger/
https://github.blog/author/greysteil/
https://github.blog/author/jhutchings1/
https://github.blog/author/josepalafox/
https://github.blog/author/mayakacz/
https://github.blog/author/rreichel3/
https://github.blog/category/community/
https://github.blog/category/community/education/
https://github.blog/category/community/events/
https://github.blog/category/community/insights/
https://github.blog/category/community/open-source/
https://github.blog/category/company/
https://github.blog/category/engineering/
https://github.blog/category/enterprise/
https://github.blog/category/enterprise/partners/
https://github.blog/category/product/
https://github.blog/category/product/client-apps/
https://github.blog/category/product/features/
https://github.blog/category/product/security/
https://github.blog/category/product/security/page/2/
https://github.com/
https://github.com/about
https://github.com/about/careers
https://github.com/about/press
https://github.com/contact
https://github.com/customer-stories
https://github.com/enterprise
https://github.com/features
https://github.com/github
https://github.com/pricing
https://github.com/security
https://github.com/site/privacy
https://github.com/site/terms
https://github.community
https://resources.github.com
https://services.github.com
https://shop.github.com
https://status.github.com
https://twitter.com/github
https://www.facebook.com/GitHub
https://www.linkedin.com/company/github
https://www.youtube.com/github
